<?xml version='1.0' encoding='UTF-8'?>
<result plugin="junit@1.10">
  <suites>
    <suite>
      <file>C:\Users\zack\.jenkins\workspace\LAP-Unittest\temporary-junit-reports\TEST-0.xml</file>
      <name>MSTestSuite</name>
      <duration>399.93237</duration>
      <cases>
        <case>
          <duration>0.012943</duration>
          <className>LPCommon.CachedFileHandlerTest</className>
          <testName>CachedFile_Save</testName>
          <skipped>false</skipped>
          <failedSince>0</failedSince>
        </case>
        <case>
          <duration>0.0029139</duration>
          <className>LPCommon.DataRowExtensionTest</className>
          <testName>DataRowExtension_ToEntity</testName>
          <skipped>false</skipped>
          <failedSince>0</failedSince>
        </case>
        <case>
          <duration>0.0255207</duration>
          <className>LPCommon.LPLoggerTest</className>
          <testName>LPLogger_Test</testName>
          <skipped>false</skipped>
          <errorStackTrace>   在 LPCommon.LPLoggerTest.LPLogger_Test() 位置 c:\Users\zack\.jenkins\workspace\LAP\LAP\src\LPCommon\UnitTest\LPLoggerTest.cs:行号 35
</errorStackTrace>
          <errorDetails>Assert.AreEqual 失败。应为: &lt;True&gt;，实际为: &lt;False&gt;。</errorDetails>
          <failedSince>17</failedSince>
        </case>
        <case>
          <duration>9.876E-4</duration>
          <className>LPCommon.LPLoggerTest</className>
          <testName>LPLogger_WriteDebug</testName>
          <skipped>false</skipped>
          <failedSince>0</failedSince>
        </case>
        <case>
          <duration>9.409E-4</duration>
          <className>LPCommon.LPLoggerTest</className>
          <testName>LPLogger_WriteError</testName>
          <skipped>false</skipped>
          <failedSince>0</failedSince>
        </case>
        <case>
          <duration>0.0010175</duration>
          <className>LPCommon.LPLoggerTest</className>
          <testName>LPLogger_WriteInfo</testName>
          <skipped>false</skipped>
          <failedSince>0</failedSince>
        </case>
        <case>
          <duration>0.0023923</duration>
          <className>LPCommon.LPLoggerTest</className>
          <testName>LPLogger_WriteMessage</testName>
          <skipped>false</skipped>
          <failedSince>0</failedSince>
        </case>
        <case>
          <duration>8.402E-4</duration>
          <className>LPCommon.LPLoggerTest</className>
          <testName>LPLogger_WriteWarning</testName>
          <skipped>false</skipped>
          <failedSince>0</failedSince>
        </case>
        <case>
          <duration>0.0108426</duration>
          <className>LPCommon.SnapshotTest</className>
          <testName>Snapshot_CaptureInflatedRectangle</testName>
          <skipped>false</skipped>
          <failedSince>0</failedSince>
        </case>
        <case>
          <duration>1.735E-4</duration>
          <className>LPReplayCore.AppModelLoadTest</className>
          <testName>AppModel_Add</testName>
          <skipped>false</skipped>
          <failedSince>0</failedSince>
        </case>
        <case>
          <duration>0.0013398</duration>
          <className>LPReplayCore.AppModelLoadTest</className>
          <testName>AppModel_AllItems</testName>
          <skipped>false</skipped>
          <failedSince>0</failedSince>
        </case>
        <case>
          <duration>3.928E-4</duration>
          <className>LPReplayCore.AppModelLoadTest</className>
          <testName>AppModel_AllNames</testName>
          <skipped>false</skipped>
          <failedSince>0</failedSince>
        </case>
        <case>
          <duration>0.0022496</duration>
          <className>LPReplayCore.AppModelLoadTest</className>
          <testName>AppModel_CheckHierarchy</testName>
          <skipped>false</skipped>
          <failedSince>0</failedSince>
        </case>
        <case>
          <duration>9.876E-4</duration>
          <className>LPReplayCore.AppModelLoadTest</className>
          <testName>AppModel_FindAddTest</testName>
          <skipped>false</skipped>
          <failedSince>0</failedSince>
        </case>
        <case>
          <duration>8.117E-4</duration>
          <className>LPReplayCore.AppModelLoadTest</className>
          <testName>AppModel_FindClearButtonTest</testName>
          <skipped>false</skipped>
          <failedSince>0</failedSince>
        </case>
        <case>
          <duration>0.0244313</duration>
          <className>LPReplayCore.AppModelLoadTest</className>
          <testName>AppModel_GetTestObject</testName>
          <skipped>false</skipped>
          <failedSince>0</failedSince>
        </case>
        <case>
          <duration>8.187E-4</duration>
          <className>LPReplayCore.AppModelLoadTest</className>
          <testName>AppModel_Load</testName>
          <skipped>false</skipped>
          <failedSince>0</failedSince>
        </case>
        <case>
          <duration>1.712E-4</duration>
          <className>LPReplayCore.AppModelLoadTest</className>
          <testName>AppModel_ObjectCountTest</testName>
          <skipped>false</skipped>
          <failedSince>0</failedSince>
        </case>
        <case>
          <duration>0.0018442</duration>
          <className>LPReplayCore.UnitTest.AppDescriptorTest</className>
          <testName>AppDescriptor_ctor_AppModel</testName>
          <skipped>false</skipped>
          <failedSince>0</failedSince>
        </case>
        <case>
          <duration>3.568E-4</duration>
          <className>LPReplayCore.UnitTest.AppDescriptorTest</className>
          <testName>AppDescriptor_GetObject</testName>
          <skipped>false</skipped>
          <failedSince>0</failedSince>
        </case>
        <case>
          <duration>6.68E-4</duration>
          <className>LPReplayCore.UnitTest.AppModelFileTest</className>
          <testName>AppModelFile_Test</testName>
          <skipped>false</skipped>
          <failedSince>0</failedSince>
        </case>
        <case>
          <duration>0.0012699</duration>
          <className>LPReplayCore.UnitTest.ControlKeysManagerTest</className>
          <testName>ControlKeysManager_GetDisplayString</testName>
          <skipped>false</skipped>
          <failedSince>0</failedSince>
        </case>
        <case>
          <duration>1.007E-4</duration>
          <className>LPReplayCore.UnitTest.ControlKeysManagerTest</className>
          <testName>ControlKeysManager_GetKeyString</testName>
          <skipped>false</skipped>
          <failedSince>0</failedSince>
        </case>
        <case>
          <duration>5.757E-4</duration>
          <className>LPReplayCore.UnitTest.ControlTypeConverterTest</className>
          <testName>ControlTypeConverter_CountTest</testName>
          <skipped>false</skipped>
          <failedSince>0</failedSince>
        </case>
        <case>
          <duration>3.526E-4</duration>
          <className>LPReplayCore.UnitTest.ControlTypeConverterTest</className>
          <testName>ControlTypeConverter_EqualTest</testName>
          <skipped>false</skipped>
          <failedSince>0</failedSince>
        </case>
        <case>
          <duration>0.1323772</duration>
          <className>LPReplayCore.UnitTest.JsonSerializerTest</className>
          <testName>AppModelManager_HierarchySave</testName>
          <skipped>false</skipped>
          <failedSince>0</failedSince>
        </case>
        <case>
          <duration>7.025E-4</duration>
          <className>LPReplayCore.UnitTest.JsonSerializerTest</className>
          <testName>AppModelManager_LoadFileMissing</testName>
          <skipped>false</skipped>
          <failedSince>0</failedSince>
        </case>
        <case>
          <duration>0.0044423</duration>
          <className>LPReplayCore.UnitTest.JsonSerializerTest</className>
          <testName>AppModelManager_LoadReplayOnly</testName>
          <skipped>false</skipped>
          <failedSince>0</failedSince>
        </case>
        <case>
          <duration>0.0810703</duration>
          <className>LPReplayCore.UnitTest.JsonSerializerTest</className>
          <testName>AppModelManager_Save</testName>
          <skipped>false</skipped>
          <failedSince>0</failedSince>
        </case>
        <case>
          <duration>7.193E-4</duration>
          <className>LPReplayCore.UnitTest.JsonSerializerTest</className>
          <testName>JsonDeserializeModelTest</testName>
          <skipped>false</skipped>
          <failedSince>0</failedSince>
        </case>
        <case>
          <duration>0.0137659</duration>
          <className>LPReplayCore.UnitTest.JsonSerializerTest</className>
          <testName>JsonSerializeModelTest</testName>
          <skipped>false</skipped>
          <failedSince>0</failedSince>
        </case>
        <case>
          <duration>2.99E-4</duration>
          <className>LPReplayCore.UnitTest.LPConfigLoadTest</className>
          <testName>LPConfig_GetUserConfigPath</testName>
          <skipped>false</skipped>
          <failedSince>0</failedSince>
        </case>
        <case>
          <duration>0.0052503</duration>
          <className>LPReplayCore.UnitTest.LPConfigLoadTest</className>
          <testName>LPConfig_GetValueExists</testName>
          <skipped>false</skipped>
          <errorStackTrace>    在 LPReplayCore.UnitTest.LPConfigLoadTest.LPConfig_GetValueExists() 位置 c:\Users\zack\.jenkins\workspace\LAP\LAP\src\LPReplayCore\UnitTest\LPConfigTest.cs:行号 42
</errorStackTrace>
          <errorDetails>测试方法 LPReplayCore.UnitTest.LPConfigLoadTest.LPConfig_GetValueExists 引发了异常: 
System.NullReferenceException: 未将对象引用设置到对象的实例。</errorDetails>
          <failedSince>17</failedSince>
        </case>
        <case>
          <duration>4.912E-4</duration>
          <className>LPReplayCore.UnitTest.LPConfigLoadTest</className>
          <testName>LPConfig_GetValueNotExists</testName>
          <skipped>false</skipped>
          <failedSince>0</failedSince>
        </case>
        <case>
          <duration>0.001672</duration>
          <className>LPReplayCore.UnitTest.LPConfigLoadTest</className>
          <testName>LPConfig_KeyExists</testName>
          <skipped>false</skipped>
          <errorStackTrace>   在 LPReplayCore.UnitTest.LPConfigLoadTest.LPConfig_KeyExists() 位置 c:\Users\zack\.jenkins\workspace\LAP\LAP\src\LPReplayCore\UnitTest\LPConfigTest.cs:行号 26
</errorStackTrace>
          <errorDetails>Assert.AreEqual 失败。应为: &lt;LAP&gt;，实际为: &lt;(null)&gt;。</errorDetails>
          <failedSince>17</failedSince>
        </case>
        <case>
          <duration>5.257E-4</duration>
          <className>LPReplayCore.UnitTest.LPConfigLoadTest</className>
          <testName>LPConfig_KeyNotExists</testName>
          <skipped>false</skipped>
          <failedSince>0</failedSince>
        </case>
        <case>
          <duration>0.0270528</duration>
          <className>LPReplayCore.UnitTest.LPConfigLoadTest</className>
          <testName>LPConfig_SaveSettings</testName>
          <skipped>false</skipped>
          <failedSince>0</failedSince>
        </case>
        <case>
          <duration>2.934E-4</duration>
          <className>LPReplayCore.UnitTest.ObjectDescriptorTest</className>
          <testName>ObjectDescriptor_EqualsEmpty</testName>
          <skipped>false</skipped>
          <failedSince>0</failedSince>
        </case>
        <case>
          <duration>0.001539</duration>
          <className>LPReplayCore.UnitTest.ObjectDescriptorTest</className>
          <testName>ObjectDescriptor_EqualsNegative</testName>
          <skipped>false</skipped>
          <failedSince>0</failedSince>
        </case>
        <case>
          <duration>3.415E-4</duration>
          <className>LPReplayCore.UnitTest.ObjectDescriptorTest</className>
          <testName>ObjectDescriptor_EqualsPositive</testName>
          <skipped>false</skipped>
          <failedSince>0</failedSince>
        </case>
        <case>
          <duration>0.0016323</duration>
          <className>LPReplayCore.UnitTest.ObjectDescriptorTest</className>
          <testName>ObjectDescriptor_GetObjectData</testName>
          <skipped>false</skipped>
          <failedSince>0</failedSince>
        </case>
        <case>
          <duration>8.015E-4</duration>
          <className>LPReplayCore.UnitTest.ObjectDescriptorTest</className>
          <testName>ObjectDescriptor_GetTestObject</testName>
          <skipped>false</skipped>
          <failedSince>0</failedSince>
        </case>
        <case>
          <duration>9.792E-4</duration>
          <className>LPReplayCore.UnitTest.ObjectDescriptorTest</className>
          <testName>ObjectDescriptor_GetVirtualTestObject</testName>
          <skipped>false</skipped>
          <failedSince>0</failedSince>
        </case>
        <case>
          <duration>0.0010734</duration>
          <className>LPReplayCore.UnitTest.ObjectDescriptorTest</className>
          <testName>ObjectDescriptor_PropertyGroup</testName>
          <skipped>false</skipped>
          <failedSince>0</failedSince>
        </case>
        <case>
          <duration>4.096E-4</duration>
          <className>LPReplayCore.UnitTest.ObjectDescriptorTest</className>
          <testName>ObjectDescriptor_Serialization</testName>
          <skipped>false</skipped>
          <failedSince>0</failedSince>
        </case>
        <case>
          <duration>4.068E-4</duration>
          <className>LPReplayCore.UnitTest.ObjectDescriptorTest</className>
          <testName>ObjectDescriptor_SerializeVirtualTestObject</testName>
          <skipped>false</skipped>
          <failedSince>0</failedSince>
        </case>
        <case>
          <duration>0.0015409</duration>
          <className>LPReplayCore.UnitTest.ReplayCoreSettingsTest</className>
          <testName>RCSettings_HighlightColor</testName>
          <skipped>false</skipped>
          <failedSince>0</failedSince>
        </case>
        <case>
          <duration>0.006607</duration>
          <className>LPReplayCore.UnitTest.ReplayCoreSettingsTest</className>
          <testName>RCSettings_HighlightColor_Set</testName>
          <skipped>false</skipped>
          <failedSince>0</failedSince>
        </case>
        <case>
          <duration>0.0371345</duration>
          <className>LPReplayCore.UnitTest.ScreenCaptureTest</className>
          <testName>ScreenCapture_Capture</testName>
          <skipped>false</skipped>
          <failedSince>0</failedSince>
        </case>
        <case>
          <duration>2.547E-4</duration>
          <className>LPReplayCore.UnitTest.TempUnitTests</className>
          <testName>ArrayHandlerTest</testName>
          <skipped>false</skipped>
          <failedSince>0</failedSince>
        </case>
        <case>
          <duration>10.00723</duration>
          <className>LPReplayCore.UnitTest.TempUnitTests</className>
          <testName>FileChangeNotifier</testName>
          <skipped>false</skipped>
          <failedSince>0</failedSince>
        </case>
        <case>
          <duration>8.598E-4</duration>
          <className>LPReplayCore.UnitTest.TempUnitTests</className>
          <testName>PropertyItemTest</testName>
          <skipped>false</skipped>
          <failedSince>0</failedSince>
        </case>
        <case>
          <duration>3.205E-4</duration>
          <className>LPReplayCore.UnitTest.TempUnitTests</className>
          <testName>ReadOnlyCollectionTest</testName>
          <skipped>false</skipped>
          <failedSince>0</failedSince>
        </case>
        <case>
          <duration>2.887E-4</duration>
          <className>LPReplayCore.UnitTest.TempUnitTests</className>
          <testName>ReadOnlyCollectionTest2</testName>
          <skipped>false</skipped>
          <failedSince>0</failedSince>
        </case>
        <case>
          <duration>1.609E-4</duration>
          <className>LPReplayCore.UnitTest.TestObjectFactoryTest</className>
          <testName>TestObjectFactory_CreateObject</testName>
          <skipped>false</skipped>
          <failedSince>0</failedSince>
        </case>
        <case>
          <duration>0.0033441</duration>
          <className>LPReplayCore.UnitTest.TestObjectNurseTest</className>
          <testName>TestObjectNurse_AddChild_NurseObject</testName>
          <skipped>false</skipped>
          <failedSince>0</failedSince>
        </case>
        <case>
          <duration>0.001184</duration>
          <className>LPReplayCore.UnitTest.TestObjectNurseTest</className>
          <testName>TestObjectNurse_AddChild_TestObject</testName>
          <skipped>false</skipped>
          <failedSince>0</failedSince>
        </case>
        <case>
          <duration>0.0012755</duration>
          <className>LPReplayCore.UnitTest.TestObjectNurseTest</className>
          <testName>TestObjectNurse_AddDecendants</testName>
          <skipped>false</skipped>
          <failedSince>0</failedSince>
        </case>
        <case>
          <duration>0.0011024</duration>
          <className>LPReplayCore.UnitTest.TestObjectNurseTest</className>
          <testName>TestObjectNurse_AddTree</testName>
          <skipped>false</skipped>
          <failedSince>0</failedSince>
        </case>
        <case>
          <duration>0.001149</duration>
          <className>LPReplayCore.UnitTest.TestObjectNurseTest</className>
          <testName>TestObjectNurse_Children</testName>
          <skipped>false</skipped>
          <failedSince>0</failedSince>
        </case>
        <case>
          <duration>0.0018213</duration>
          <className>LPReplayCore.UnitTest.TestObjectNurseTest</className>
          <testName>TestObjectNurse_Clear</testName>
          <skipped>false</skipped>
          <failedSince>0</failedSince>
        </case>
        <case>
          <duration>0.0010301</duration>
          <className>LPReplayCore.UnitTest.TestObjectNurseTest</className>
          <testName>TestObjectNurse_ContainsKeyword</testName>
          <skipped>false</skipped>
          <failedSince>0</failedSince>
        </case>
        <case>
          <duration>9.153E-4</duration>
          <className>LPReplayCore.UnitTest.TestObjectNurseTest</className>
          <testName>TestObjectNurse_ConvertSubtree</testName>
          <skipped>false</skipped>
          <failedSince>0</failedSince>
        </case>
        <case>
          <duration>0.0013818</duration>
          <className>LPReplayCore.UnitTest.TestObjectNurseTest</className>
          <testName>TestObjectNurse_ctor</testName>
          <skipped>false</skipped>
          <failedSince>0</failedSince>
        </case>
        <case>
          <duration>8.602E-4</duration>
          <className>LPReplayCore.UnitTest.TestObjectNurseTest</className>
          <testName>TestObjectNurse_FromTreeNode</testName>
          <skipped>false</skipped>
          <failedSince>0</failedSince>
        </case>
        <case>
          <duration>8.238E-4</duration>
          <className>LPReplayCore.UnitTest.TestObjectNurseTest</className>
          <testName>TestObjectNurse_NodeName</testName>
          <skipped>false</skipped>
          <failedSince>0</failedSince>
        </case>
        <case>
          <duration>0.0011681</duration>
          <className>LPReplayCore.UnitTest.TestObjectNurseTest</className>
          <testName>TestObjectNurse_RemoveChild</testName>
          <skipped>false</skipped>
          <failedSince>0</failedSince>
        </case>
        <case>
          <duration>0.0515807</duration>
          <className>LPReplayCore.UnitTest.UIAFinderTest</className>
          <testName>JsonTest</testName>
          <skipped>false</skipped>
          <failedSince>0</failedSince>
        </case>
        <case>
          <duration>2.23659</duration>
          <className>LPReplayCore.UnitTest.UIAFinderTest</className>
          <testName>UIAFinder_Identify1</testName>
          <skipped>false</skipped>
          <errorStackTrace>   在 LPReplayCore.UnitTest.UIAFinderTest.UIAFinder_Identify1() 位置 c:\Users\zack\.jenkins\workspace\LAP\LAP\src\LPReplayCore\UnitTest\UIAFinderTest.cs:行号 73
</errorStackTrace>
          <errorDetails>Assert.AreEqual 失败。应为: &lt;1&gt;，实际为: &lt;0&gt;。only 1 parent element</errorDetails>
          <failedSince>17</failedSince>
        </case>
        <case>
          <duration>0.0</duration>
          <className>LPReplayCore.UnitTest.UIAHighlightTest</className>
          <testName>UIAHighlight_HighlightRectangle</testName>
          <skipped>false</skipped>
          <errorStackTrace>    在 System.Diagnostics.Process.StartWithShellExecuteEx(ProcessStartInfo startInfo)
   在 System.Diagnostics.Process.Start()
   在 System.Diagnostics.Process.Start(ProcessStartInfo startInfo)
   在 System.Diagnostics.Process.Start(String fileName)
   在 LPReplayCore.UnitTest.TestUtility.LaunchQTCalculator() 位置 c:\Users\zack\.jenkins\workspace\LAP\LAP\src\LPReplayCore\UnitTest\TestUtility.cs:行号 51
   在 LPReplayCore.UnitTest.UIAHighlightTest.Init(TestContext context) 位置 c:\Users\zack\.jenkins\workspace\LAP\LAP\src\LPReplayCore\UnitTest\UIAHighlightTest.cs:行号 27
</errorStackTrace>
          <errorDetails>类初始化方法 LPReplayCore.UnitTest.UIAHighlightTest.Init 引发异常。System.ComponentModel.Win32Exception:  System.ComponentModel.Win32Exception: 系统找不到指定的文件。。</errorDetails>
          <failedSince>17</failedSince>
        </case>
        <case>
          <duration>0.0</duration>
          <className>LPReplayCore.UnitTest.UIAHighlightTest</className>
          <testName>UIAHighlight_HighlightVirtualControl</testName>
          <skipped>false</skipped>
          <errorStackTrace>    在 System.Diagnostics.Process.StartWithShellExecuteEx(ProcessStartInfo startInfo)
   在 System.Diagnostics.Process.Start()
   在 System.Diagnostics.Process.Start(ProcessStartInfo startInfo)
   在 System.Diagnostics.Process.Start(String fileName)
   在 LPReplayCore.UnitTest.TestUtility.LaunchQTCalculator() 位置 c:\Users\zack\.jenkins\workspace\LAP\LAP\src\LPReplayCore\UnitTest\TestUtility.cs:行号 51
   在 LPReplayCore.UnitTest.UIAHighlightTest.Init(TestContext context) 位置 c:\Users\zack\.jenkins\workspace\LAP\LAP\src\LPReplayCore\UnitTest\UIAHighlightTest.cs:行号 27
</errorStackTrace>
          <errorDetails>类初始化方法 LPReplayCore.UnitTest.UIAHighlightTest.Init 引发异常。System.ComponentModel.Win32Exception:  System.ComponentModel.Win32Exception: 系统找不到指定的文件。。</errorDetails>
          <failedSince>17</failedSince>
        </case>
        <case>
          <duration>0.0</duration>
          <className>LPReplayCore.UnitTest.UIAHighlightTest</className>
          <testName>UIAHighlight_SearchandHighlight_ProgramRestarted</testName>
          <skipped>false</skipped>
          <errorStackTrace>    在 System.Diagnostics.Process.StartWithShellExecuteEx(ProcessStartInfo startInfo)
   在 System.Diagnostics.Process.Start()
   在 System.Diagnostics.Process.Start(ProcessStartInfo startInfo)
   在 System.Diagnostics.Process.Start(String fileName)
   在 LPReplayCore.UnitTest.TestUtility.LaunchQTCalculator() 位置 c:\Users\zack\.jenkins\workspace\LAP\LAP\src\LPReplayCore\UnitTest\TestUtility.cs:行号 51
   在 LPReplayCore.UnitTest.UIAHighlightTest.Init(TestContext context) 位置 c:\Users\zack\.jenkins\workspace\LAP\LAP\src\LPReplayCore\UnitTest\UIAHighlightTest.cs:行号 27
</errorStackTrace>
          <errorDetails>类初始化方法 LPReplayCore.UnitTest.UIAHighlightTest.Init 引发异常。System.ComponentModel.Win32Exception:  System.ComponentModel.Win32Exception: 系统找不到指定的文件。。</errorDetails>
          <failedSince>17</failedSince>
        </case>
        <case>
          <duration>0.0</duration>
          <className>LPReplayCore.UnitTest.UIAHighlightTest</className>
          <testName>UIAHighlight_SearchandHighlight_UIA</testName>
          <skipped>false</skipped>
          <errorStackTrace>    在 System.Diagnostics.Process.StartWithShellExecuteEx(ProcessStartInfo startInfo)
   在 System.Diagnostics.Process.Start()
   在 System.Diagnostics.Process.Start(ProcessStartInfo startInfo)
   在 System.Diagnostics.Process.Start(String fileName)
   在 LPReplayCore.UnitTest.TestUtility.LaunchQTCalculator() 位置 c:\Users\zack\.jenkins\workspace\LAP\LAP\src\LPReplayCore\UnitTest\TestUtility.cs:行号 51
   在 LPReplayCore.UnitTest.UIAHighlightTest.Init(TestContext context) 位置 c:\Users\zack\.jenkins\workspace\LAP\LAP\src\LPReplayCore\UnitTest\UIAHighlightTest.cs:行号 27
</errorStackTrace>
          <errorDetails>类初始化方法 LPReplayCore.UnitTest.UIAHighlightTest.Init 引发异常。System.ComponentModel.Win32Exception:  System.ComponentModel.Win32Exception: 系统找不到指定的文件。。</errorDetails>
          <failedSince>17</failedSince>
        </case>
        <case>
          <duration>0.0</duration>
          <className>LPReplayCore.UnitTest.UIAHighlightTest</className>
          <testName>UIAHighlight_SearchandHighlight_Virtual</testName>
          <skipped>false</skipped>
          <errorStackTrace>    在 System.Diagnostics.Process.StartWithShellExecuteEx(ProcessStartInfo startInfo)
   在 System.Diagnostics.Process.Start()
   在 System.Diagnostics.Process.Start(ProcessStartInfo startInfo)
   在 System.Diagnostics.Process.Start(String fileName)
   在 LPReplayCore.UnitTest.TestUtility.LaunchQTCalculator() 位置 c:\Users\zack\.jenkins\workspace\LAP\LAP\src\LPReplayCore\UnitTest\TestUtility.cs:行号 51
   在 LPReplayCore.UnitTest.UIAHighlightTest.Init(TestContext context) 位置 c:\Users\zack\.jenkins\workspace\LAP\LAP\src\LPReplayCore\UnitTest\UIAHighlightTest.cs:行号 27
</errorStackTrace>
          <errorDetails>类初始化方法 LPReplayCore.UnitTest.UIAHighlightTest.Init 引发异常。System.ComponentModel.Win32Exception:  System.ComponentModel.Win32Exception: 系统找不到指定的文件。。</errorDetails>
          <failedSince>17</failedSince>
        </case>
        <case>
          <duration>0.0013146</duration>
          <className>LPReplayCore.UnitTest.UIATestObjectTest</className>
          <testName>UIATestObject_CachedProperties</testName>
          <skipped>false</skipped>
          <failedSince>0</failedSince>
        </case>
        <case>
          <duration>2.425E-4</duration>
          <className>LPReplayCore.UnitTest.UIATestObjectTest</className>
          <testName>UIATestObject_ControlTypeAssign</testName>
          <skipped>false</skipped>
          <failedSince>0</failedSince>
        </case>
        <case>
          <duration>2.369E-4</duration>
          <className>LPReplayCore.UnitTest.UIATestObjectTest</className>
          <testName>UIATestObject_ControlTypeInit</testName>
          <skipped>false</skipped>
          <failedSince>0</failedSince>
        </case>
        <case>
          <duration>0.0011192</duration>
          <className>LPReplayCore.UnitTest.UIATestObjectTest</className>
          <testName>UIATestObject_FindRecursive</testName>
          <skipped>false</skipped>
          <failedSince>0</failedSince>
        </case>
        <case>
          <duration>3.666E-4</duration>
          <className>LPReplayCore.UnitTest.UIATestObjectTest</className>
          <testName>UIATestObject_GetContext</testName>
          <skipped>false</skipped>
          <failedSince>0</failedSince>
        </case>
        <case>
          <duration>9.993E-4</duration>
          <className>LPReplayCore.UnitTest.UIATestObjectTest</className>
          <testName>UIATestObject_NoCachedProperties</testName>
          <skipped>false</skipped>
          <failedSince>0</failedSince>
        </case>
        <case>
          <duration>5.299E-4</duration>
          <className>LPReplayCore.UnitTest.UIATestObjectTest</className>
          <testName>UIATestObject_SetContext</testName>
          <skipped>false</skipped>
          <failedSince>0</failedSince>
        </case>
        <case>
          <duration>0.0</duration>
          <className>LPReplayCore.UnitTest.UIAUtilityTest</className>
          <testName>ButtonToAutomationElementTest</testName>
          <skipped>false</skipped>
          <errorStackTrace></errorStackTrace>
          <errorDetails>方法 LPReplayCore.UnitTest.UIAUtilityTest.ClassInitialize 具有错误的签名。  该方法应标记为静态。</errorDetails>
          <failedSince>17</failedSince>
        </case>
        <case>
          <duration>0.0</duration>
          <className>LPReplayCore.UnitTest.UIAUtilityTest</className>
          <testName>UIAUtility_GetElementLine</testName>
          <skipped>false</skipped>
          <errorStackTrace></errorStackTrace>
          <errorDetails>方法 LPReplayCore.UnitTest.UIAUtilityTest.ClassInitialize 具有错误的签名。  该方法应标记为静态。</errorDetails>
          <failedSince>17</failedSince>
        </case>
        <case>
          <duration>3.419E-4</duration>
          <className>LPReplayCore.UnitTest.UtilityTest</className>
          <testName>Utility_GetBinDirectory</testName>
          <skipped>false</skipped>
          <stdout>C:\Users\zack\.jenkins\workspace\LAP-Unittest\bin\Debug
</stdout>
          <failedSince>0</failedSince>
        </case>
        <case>
          <duration>0.0010459</duration>
          <className>LPReplayCore.UnitTest.VirtualTestObjectTest</className>
          <testName>VirtualTestObject_AreEqual</testName>
          <skipped>false</skipped>
          <failedSince>0</failedSince>
        </case>
        <case>
          <duration>0.0011425</duration>
          <className>LPReplayCore.UnitTest.VirtualTestObjectTest</className>
          <testName>VirtualTestObject_CreateTestObject</testName>
          <skipped>false</skipped>
          <failedSince>0</failedSince>
        </case>
        <case>
          <duration>2.962E-4</duration>
          <className>LPReplayCore.UnitTest.VirtualTestObjectTest</className>
          <testName>VirtualTestObject_ctor</testName>
          <skipped>false</skipped>
          <failedSince>0</failedSince>
        </case>
        <case>
          <duration>3.788E-4</duration>
          <className>LPReplayCore.UnitTest.VirtualTestObjectTest</className>
          <testName>VirtualTestObject_GetDescriptor</testName>
          <skipped>false</skipped>
          <failedSince>0</failedSince>
        </case>
        <case>
          <duration>3.023E-4</duration>
          <className>LPReplayCore.UnitTest.VirtualTestObjectTest</className>
          <testName>VirtualTestObject_Properties</testName>
          <skipped>false</skipped>
          <failedSince>0</failedSince>
        </case>
        <case>
          <duration>0.0015124</duration>
          <className>LPReplayCore.UnitTest.VirtualTestObjectTest</className>
          <testName>VirtualTestObject_StringRectToRect</testName>
          <skipped>false</skipped>
          <failedSince>0</failedSince>
        </case>
        <case>
          <duration>0.0023466</duration>
          <className>LPUIAObjects.ControlSearcherTest</className>
          <testName>ControlSearcher_GetCondition</testName>
          <skipped>false</skipped>
          <failedSince>0</failedSince>
        </case>
        <case>
          <duration>4.6E-4</duration>
          <className>LPUIAObjects.ControlSearcherTest</className>
          <testName>ControlSearcher_GetTOTest</testName>
          <skipped>false</skipped>
          <failedSince>0</failedSince>
        </case>
        <case>
          <duration>1.903E-4</duration>
          <className>LPUIAObjects.UnitTest.CodeGeneratorTest</className>
          <testName>CodeGenerator_GetFullPathName</testName>
          <skipped>false</skipped>
          <failedSince>0</failedSince>
        </case>
        <case>
          <duration>0.0039953</duration>
          <className>LPUIAObjects.UnitTest.ElementPropertiesTest</className>
          <testName>ElementProperties_DeriveName</testName>
          <skipped>false</skipped>
          <failedSince>0</failedSince>
        </case>
        <case>
          <duration>5.243E-4</duration>
          <className>LPUIAObjects.UnitTest.ElementPropertiesTest</className>
          <testName>ElementProperties_DeriveName1</testName>
          <skipped>false</skipped>
          <failedSince>0</failedSince>
        </case>
        <case>
          <duration>0.004495</duration>
          <className>LPUIAObjects.UnitTest.ElementPropertiesTest</className>
          <testName>ElementProperties_ToNurseObject</testName>
          <skipped>false</skipped>
          <errorStackTrace>   在 LPUIAObjects.UnitTest.ElementPropertiesTest.ElementProperties_ToNurseObject() 位置 c:\Users\zack\.jenkins\workspace\LAP\LAP\src\LPUIAObjects\UnitTest\ElementPropertiesTest.cs:行号 31
</errorStackTrace>
          <errorDetails>Assert.AreEqual 失败。应为: &lt;3&gt;，实际为: &lt;4&gt;。</errorDetails>
          <failedSince>17</failedSince>
        </case>
        <case>
          <duration>6.27E-4</duration>
          <className>LPUIAObjects.UnitTest.ElementPropertiesTest</className>
          <testName>ElementProperties_ToNurseObject2</testName>
          <skipped>false</skipped>
          <failedSince>0</failedSince>
        </case>
        <case>
          <duration>0.0796804</duration>
          <className>LPUIAObjects.UnitTest.UIAConditionMatcherTest</className>
          <testName>UIAConditionMatcher_Match_Positive</testName>
          <skipped>false</skipped>
          <errorStackTrace>   在 LPUIAObjects.UnitTest.UIAConditionMatcherTest.UIAConditionMatcher_Match_Positive() 位置 c:\Users\zack\.jenkins\workspace\LAP\LAP\src\LPUIAObjects\UnitTest\UIAConditionMatcherTest.cs:行号 36
</errorStackTrace>
          <errorDetails>Assert.IsNotNull 失败。Target element is not found, has Calculator.exe process launched?</errorDetails>
          <failedSince>17</failedSince>
        </case>
        <case>
          <duration>8.224E-4</duration>
          <className>LPUIAObjects.UnitTest.UIAConditionTest</className>
          <testName>AppModelManager_LoadFull</testName>
          <skipped>false</skipped>
          <failedSince>0</failedSince>
        </case>
        <case>
          <duration>5.659E-4</duration>
          <className>LPUIAObjects.UnitTest.UIAConditionTest</className>
          <testName>UIACondition_CachedProperties</testName>
          <skipped>false</skipped>
          <failedSince>0</failedSince>
        </case>
        <case>
          <duration>4.474E-4</duration>
          <className>LPUIAObjects.UnitTest.UIAConditionTest</className>
          <testName>UIACondition_NormalizeCachedProperties</testName>
          <skipped>false</skipped>
          <failedSince>0</failedSince>
        </case>
        <case>
          <duration>0.0</duration>
          <className>LPUIAObjects.UnitTest.UIAEditTest</className>
          <testName>UIAEdit_Text</testName>
          <skipped>false</skipped>
          <errorStackTrace>    在 System.Diagnostics.Process.StartWithShellExecuteEx(ProcessStartInfo startInfo)
   在 System.Diagnostics.Process.Start()
   在 System.Diagnostics.Process.Start(ProcessStartInfo startInfo)
   在 System.Diagnostics.Process.Start(String fileName)
   在 LPReplayCore.UnitTest.TestUtility.LaunchQTCalculator() 位置 c:\Users\zack\.jenkins\workspace\LAP\LAP\src\LPReplayCore\UnitTest\TestUtility.cs:行号 51
   在 LPUIAObjects.UnitTest.UIAEditTest.Init(TestContext context) 位置 c:\Users\zack\.jenkins\workspace\LAP\LAP\src\LPUIAObjects\UnitTest\UnitTest1.cs:行号 17
</errorStackTrace>
          <errorDetails>类初始化方法 LPUIAObjects.UnitTest.UIAEditTest.Init 引发异常。System.ComponentModel.Win32Exception:  System.ComponentModel.Win32Exception: 系统找不到指定的文件。。</errorDetails>
          <failedSince>17</failedSince>
        </case>
        <case>
          <duration>15.706703</duration>
          <className>LPWebObjects.UnitTest.SeleniumTest</className>
          <testName>TestDragAndDrop</testName>
          <skipped>false</skipped>
          <failedSince>0</failedSince>
        </case>
        <case>
          <duration>40.735405</duration>
          <className>LPWebObjects.UnitTest.SeleniumTest</className>
          <testName>TestDragAndDrop2</testName>
          <skipped>false</skipped>
          <failedSince>0</failedSince>
        </case>
        <case>
          <duration>14.792521</duration>
          <className>LPWebObjects.UnitTest.SeleniumTest</className>
          <testName>TestDragAndDrop3</testName>
          <skipped>false</skipped>
          <failedSince>0</failedSince>
        </case>
        <case>
          <duration>17.161783</duration>
          <className>LPWebObjects.UnitTest.SeleniumTest</className>
          <testName>TestDragAndDrop4</testName>
          <skipped>false</skipped>
          <errorStackTrace>    在 OpenQA.Selenium.Remote.RemoteWebDriver.UnpackAndThrowOnError(Response errorResponse) 位置 c:\Projects\webdriver\dotnet\src\webdriver\Remote\RemoteWebDriver.cs:行号 1179
   在 OpenQA.Selenium.Remote.RemoteWebDriver.Execute(String driverCommandToExecute, Dictionary`2 parameters) 位置 c:\Projects\webdriver\dotnet\src\webdriver\Remote\RemoteWebDriver.cs:行号 979
   在 OpenQA.Selenium.Remote.RemoteWebDriver.ExecuteScriptCommand(String script, String commandName, Object[] args) 位置 c:\Projects\webdriver\dotnet\src\webdriver\Remote\RemoteWebDriver.cs:行号 1063
   在 OpenQA.Selenium.Remote.RemoteWebDriver.ExecuteScript(String script, Object[] args) 位置 c:\Projects\webdriver\dotnet\src\webdriver\Remote\RemoteWebDriver.cs:行号 444
   在 LPWebObjects.UnitTest.SeleniumTest.TestDragAndDrop4() 位置 c:\Users\zack\.jenkins\workspace\LAP\LAP\src\LPWebObjects\UnitTest\SeleniumTest.cs:行号 155
</errorStackTrace>
          <errorDetails>测试方法 LPWebObjects.UnitTest.SeleniumTest.TestDragAndDrop4 引发了异常: 
System.InvalidOperationException: unknown error: Runtime.evaluate threw exception: SyntaxError: Unexpected identifier
    at Object.InjectedScript._evaluateOn (&lt;anonymous&gt;:878:140)
    at Object.InjectedScript._evaluateAndWrap (&lt;anonymous&gt;:811:34)
    at Object.InjectedScript.evaluate (&lt;anonymous&gt;:667:21)
  (Session info: chrome=49.0.2623.87)
  (Driver info: chromedriver=2.20.353145 (343b531d31eeb933ec778dbcf7081628a1396067),platform=Windows NT 6.3 x86_64)</errorDetails>
          <failedSince>17</failedSince>
        </case>
        <case>
          <duration>16.662348</duration>
          <className>LPWebObjects.UnitTest.SeleniumTest</className>
          <testName>TestDragAndDrop5</testName>
          <skipped>false</skipped>
          <failedSince>0</failedSince>
        </case>
        <case>
          <duration>16.082134</duration>
          <className>LPWebObjects.UnitTest.SeleniumTest</className>
          <testName>TestDragAndDrop6</testName>
          <skipped>false</skipped>
          <failedSince>0</failedSince>
        </case>
        <case>
          <duration>122.350365</duration>
          <className>LPWebObjects.UnitTest.WebControlTest</className>
          <testName>TestMethod4</testName>
          <skipped>false</skipped>
          <errorStackTrace>    在 System.Net.HttpWebRequest.GetResponse()
   在 OpenQA.Selenium.Remote.HttpCommandExecutor.CreateResponse(WebRequest request) 位置 c:\Projects\webdriver\dotnet\src\webdriver\Remote\HttpCommandExecutor.cs:行号 175
 --- 内部异常堆栈跟踪的末尾 ---
    在 OpenQA.Selenium.Remote.HttpCommandExecutor.CreateResponse(WebRequest request) 位置 c:\Projects\webdriver\dotnet\src\webdriver\Remote\HttpCommandExecutor.cs:行号 183
   在 OpenQA.Selenium.Remote.HttpCommandExecutor.Execute(Command commandToExecute) 位置 c:\Projects\webdriver\dotnet\src\webdriver\Remote\HttpCommandExecutor.cs:行号 123
   在 OpenQA.Selenium.Remote.DriverServiceCommandExecutor.Execute(Command commandToExecute) 位置 c:\Projects\webdriver\dotnet\src\webdriver\Remote\DriverServiceCommandExecutor.cs:行号 88
   在 OpenQA.Selenium.Remote.RemoteWebDriver.Execute(String driverCommandToExecute, Dictionary`2 parameters) 位置 c:\Projects\webdriver\dotnet\src\webdriver\Remote\RemoteWebDriver.cs:行号 969
   在 OpenQA.Selenium.Remote.RemoteWebDriver.get_CurrentWindowHandle() 位置 c:\Projects\webdriver\dotnet\src\webdriver\Remote\RemoteWebDriver.cs:行号 229
   在 LPWebObjects.Controls.WebPage.SwitchTo(WebPage webPage) 位置 c:\Users\zack\.jenkins\workspace\LAP\LAP\src\LPWebObjects\Controls\WebPage.cs:行号 58
   在 LPWebObjects.ReplayHelper.WebPage(String nodeName) 位置 c:\Users\zack\.jenkins\workspace\LAP\LAP\src\LPWebObjects\ReplayHelper.cs:行号 63
   在 LPWebObjects.UnitTest.WebControlTest.TestMethod4() 位置 c:\Users\zack\.jenkins\workspace\LAP\LAP\src\LPWebObjects\UnitTest\WebControlTest.cs:行号 78
</errorStackTrace>
          <errorDetails>测试方法 LPWebObjects.UnitTest.WebControlTest.TestMethod4 引发了异常: 
OpenQA.Selenium.WebDriverException: The HTTP request to the remote WebDriver server for URL http://localhost:40336/session/6c68836702e970cf21971f5ef24b6de2/window_handle timed out after 60 seconds. ---&gt; System.Net.WebException: 请求被中止: 操作超时。</errorDetails>
          <failedSince>27</failedSince>
        </case>
        <case>
          <duration>60.035873</duration>
          <className>LPWebObjects.UnitTest.WebControlTest</className>
          <testName>WebControl_DragDrop</testName>
          <skipped>false</skipped>
          <errorStackTrace>    在 System.Net.HttpWebRequest.GetResponse()
   在 OpenQA.Selenium.Remote.HttpCommandExecutor.CreateResponse(WebRequest request) 位置 c:\Projects\webdriver\dotnet\src\webdriver\Remote\HttpCommandExecutor.cs:行号 175
 --- 内部异常堆栈跟踪的末尾 ---
    在 OpenQA.Selenium.Remote.HttpCommandExecutor.CreateResponse(WebRequest request) 位置 c:\Projects\webdriver\dotnet\src\webdriver\Remote\HttpCommandExecutor.cs:行号 183
   在 OpenQA.Selenium.Remote.HttpCommandExecutor.Execute(Command commandToExecute) 位置 c:\Projects\webdriver\dotnet\src\webdriver\Remote\HttpCommandExecutor.cs:行号 123
   在 OpenQA.Selenium.Remote.DriverServiceCommandExecutor.Execute(Command commandToExecute) 位置 c:\Projects\webdriver\dotnet\src\webdriver\Remote\DriverServiceCommandExecutor.cs:行号 88
   在 OpenQA.Selenium.Remote.RemoteWebDriver.Execute(String driverCommandToExecute, Dictionary`2 parameters) 位置 c:\Projects\webdriver\dotnet\src\webdriver\Remote\RemoteWebDriver.cs:行号 969
   在 OpenQA.Selenium.Remote.RemoteWebDriver.get_CurrentWindowHandle() 位置 c:\Projects\webdriver\dotnet\src\webdriver\Remote\RemoteWebDriver.cs:行号 229
   在 LPWebObjects.BrowserHoster.SwitchToURL(String URL) 位置 c:\Users\zack\.jenkins\workspace\LAP\LAP\src\LPWebObjects\BrowserHoster.cs:行号 41
   在 LPWebObjects.Controls.WebPage.SwitchTo(WebPage webPage) 位置 c:\Users\zack\.jenkins\workspace\LAP\LAP\src\LPWebObjects\Controls\WebPage.cs:行号 57
   在 LPWebObjects.ReplayHelper.WebPage(String nodeName) 位置 c:\Users\zack\.jenkins\workspace\LAP\LAP\src\LPWebObjects\ReplayHelper.cs:行号 63
   在 LPWebObjects.UnitTest.WebControlTest.WebControl_DragDrop() 位置 c:\Users\zack\.jenkins\workspace\LAP\LAP\src\LPWebObjects\UnitTest\WebControlTest.cs:行号 47
</errorStackTrace>
          <errorDetails>测试方法 LPWebObjects.UnitTest.WebControlTest.WebControl_DragDrop 引发了异常: 
OpenQA.Selenium.WebDriverException: The HTTP request to the remote WebDriver server for URL http://localhost:40336/session/6c68836702e970cf21971f5ef24b6de2/window_handle timed out after 60 seconds. ---&gt; System.Net.WebException: 操作超时</errorDetails>
          <failedSince>27</failedSince>
        </case>
        <case>
          <duration>80.54089</duration>
          <className>LPWebObjects.UnitTest.WebControlTest</className>
          <testName>WebControl_FlightTour_Book</testName>
          <skipped>false</skipped>
          <errorStackTrace>    在 System.ThrowHelper.ThrowArgumentOutOfRangeException()
   在 System.Collections.Generic.List`1.get_Item(Int32 index)
   在 System.Collections.ObjectModel.ReadOnlyCollection`1.get_Item(Int32 index)
   在 LPReplayCore.Web.SETestObject.get_SEWebElement() 位置 c:\Users\zack\.jenkins\workspace\LAP\LAP\src\LPReplayCore\Selenium\SETestObject.cs:行号 308
   在 LPWebObjects.Controls.WebList.SelectByIndex(Int32 index) 位置 c:\Users\zack\.jenkins\workspace\LAP\LAP\src\LPWebObjects\Controls\WebList.cs:行号 52
   在 LPWebObjects.UnitTest.WebControlTest.WebControl_FlightTour_Book() 位置 c:\Users\zack\.jenkins\workspace\LAP\LAP\src\LPWebObjects\UnitTest\WebControlTest.cs:行号 33
</errorStackTrace>
          <errorDetails>测试方法 LPWebObjects.UnitTest.WebControlTest.WebControl_FlightTour_Book 引发了异常: 
System.ArgumentOutOfRangeException: 索引超出范围。必须为非负值并小于集合大小。
参数名: index</errorDetails>
          <failedSince>17</failedSince>
        </case>
        <case>
          <duration>3.0309417</duration>
          <className>LPWebObjects.UnitTest.WebControlTest</className>
          <testName>WebControl_FlightTour_Login</testName>
          <skipped>false</skipped>
          <failedSince>0</failedSince>
        </case>
      </cases>
    </suite>
  </suites>
  <duration>399.93237</duration>
  <keepLongStdio>true</keepLongStdio>
</result>