<?xml version="1.0" encoding="UTF-8"?>
<testng-results skipped="1" failed="1" total="2" passed="0">
  <reporter-output>
    <line>
      <![CDATA[<a href='screenshot/Failures/TestBBS.testchooseSection.2016-02-15-11-25-51.png'><img width='200px' height='160px'  src=screenshot/Failures/TestBBS.testchooseSection.2016-02-15-11-25-51.png></a>]]>
    </line>
  </reporter-output>
  <suite name="Suite1" duration-ms="5199" started-at="2016-02-15T03:25:46Z" finished-at="2016-02-15T03:25:51Z">
    <groups>
    </groups>
    <test name="testbbs01" duration-ms="5199" started-at="2016-02-15T03:25:46Z" finished-at="2016-02-15T03:25:51Z">
      <class name="cn.leanpro.pageobjects.Test.TestBBS">
        <test-method status="PASS" signature="createDriver()[pri:0, instance:cn.leanpro.pageobjects.Test.TestBBS@7a2520fa]" name="createDriver" is-config="true" duration-ms="12" started-at="2016-02-15T11:25:46Z" finished-at="2016-02-15T11:25:46Z">
          <reporter-output>
          </reporter-output>
        </test-method> <!-- createDriver -->
        <test-method status="PASS" signature="initBrower()[pri:0, instance:cn.leanpro.pageobjects.Test.TestBBS@7a2520fa]" name="initBrower" is-config="true" duration-ms="4666" started-at="2016-02-15T11:25:46Z" finished-at="2016-02-15T11:25:51Z">
          <reporter-output>
          </reporter-output>
        </test-method> <!-- initBrower -->
        <test-method status="SKIP" signature="testbbsLogin(cn.leanpro.model.Users)[pri:0, instance:cn.leanpro.pageobjects.Test.TestBBS@7a2520fa]" name="testbbsLogin" duration-ms="0" started-at="2016-02-15T11:25:51Z" data-provider="datawithuser" finished-at="2016-02-15T11:25:51Z">
          <exception class="java.lang.RuntimeException">
            <message>
              <![CDATA[java.io.FileNotFoundException: file:\C:\Users\zack\.jenkins\workspace\webtest-browser\target\testSelenium-0.0.1-SNAPSHOT.jar!\testdata.xlsx (文件名、目录名或卷标语法不正确。)]]>
            </message>
            <full-stacktrace>
              <![CDATA[java.lang.RuntimeException: java.io.FileNotFoundException: file:\C:\Users\zack\.jenkins\workspace\webtest-browser\target\testSelenium-0.0.1-SNAPSHOT.jar!\testdata.xlsx (文件名、目录名或卷标语法不正确。)
	at org.testng.internal.MethodInvocationHelper.invokeDataProvider(MethodInvocationHelper.java:162)
	at org.testng.internal.Parameters.handleParameters(Parameters.java:430)
	at org.testng.internal.Invoker.handleParameters(Invoker.java:1270)
	at org.testng.internal.Invoker.createParameters(Invoker.java:985)
	at org.testng.internal.Invoker.invokeTestMethods(Invoker.java:1075)
	at org.testng.internal.TestMethodWorker.invokeTestMethods(TestMethodWorker.java:125)
	at org.testng.internal.TestMethodWorker.run(TestMethodWorker.java:108)
	at org.testng.TestRunner.privateRun(TestRunner.java:774)
	at org.testng.TestRunner.run(TestRunner.java:624)
	at org.testng.SuiteRunner.runTest(SuiteRunner.java:359)
	at org.testng.SuiteRunner.runSequentially(SuiteRunner.java:354)
	at org.testng.SuiteRunner.privateRun(SuiteRunner.java:312)
	at org.testng.SuiteRunner.run(SuiteRunner.java:261)
	at org.testng.SuiteRunnerWorker.runSuite(SuiteRunnerWorker.java:52)
	at org.testng.SuiteRunnerWorker.run(SuiteRunnerWorker.java:86)
	at org.testng.TestNG.runSuitesSequentially(TestNG.java:1191)
	at org.testng.TestNG.runSuitesLocally(TestNG.java:1116)
	at org.testng.TestNG.run(TestNG.java:1024)
	at org.apache.maven.surefire.testng.TestNGExecutor.run(TestNGExecutor.java:282)
	at org.apache.maven.surefire.testng.TestNGXmlTestSuite.execute(TestNGXmlTestSuite.java:83)
	at org.apache.maven.surefire.testng.TestNGProvider.invoke(TestNGProvider.java:114)
	at org.apache.maven.surefire.booter.ForkedBooter.invokeProviderInSameClassLoader(ForkedBooter.java:286)
	at org.apache.maven.surefire.booter.ForkedBooter.runSuitesInProcess(ForkedBooter.java:240)
	at org.apache.maven.surefire.booter.ForkedBooter.main(ForkedBooter.java:121)
Caused by: java.io.FileNotFoundException: file:\C:\Users\zack\.jenkins\workspace\webtest-browser\target\testSelenium-0.0.1-SNAPSHOT.jar!\testdata.xlsx (文件名、目录名或卷标语法不正确。)
	at java.io.FileInputStream.open(Native Method)
	at java.io.FileInputStream.<init>(FileInputStream.java:146)
	at cn.leanpro.util.ExOM.map(ExOM.java:141)
	at cn.leanpro.pageobjects.Test.TestBBS.datawithuser(TestBBS.java:54)
	at sun.reflect.NativeMethodAccessorImpl.invoke0(Native Method)
	at sun.reflect.NativeMethodAccessorImpl.invoke(NativeMethodAccessorImpl.java:57)
	at sun.reflect.DelegatingMethodAccessorImpl.invoke(DelegatingMethodAccessorImpl.java:43)
	at java.lang.reflect.Method.invoke(Method.java:606)
	at org.testng.internal.MethodInvocationHelper.invokeMethod(MethodInvocationHelper.java:85)
	at org.testng.internal.MethodInvocationHelper.invokeDataProvider(MethodInvocationHelper.java:154)
	... 23 more
]]>
            </full-stacktrace>
          </exception> <!-- java.lang.RuntimeException -->
          <reporter-output>
          </reporter-output>
        </test-method> <!-- testbbsLogin -->
        <test-method status="FAIL" signature="testchooseSection()[pri:0, instance:cn.leanpro.pageobjects.Test.TestBBS@7a2520fa]" name="testchooseSection" duration-ms="171" started-at="2016-02-15T11:25:51Z" finished-at="2016-02-15T11:25:51Z">
          <exception class="java.lang.AssertionError">
            <message>
              <![CDATA[expected [true] but found [false]]]>
            </message>
            <full-stacktrace>
              <![CDATA[java.lang.AssertionError: expected [true] but found [false]
	at org.testng.Assert.fail(Assert.java:94)
	at org.testng.Assert.failNotEquals(Assert.java:496)
	at org.testng.Assert.assertTrue(Assert.java:42)
	at org.testng.Assert.assertTrue(Assert.java:52)
	at cn.leanpro.pageobjects.BBSAllPagePost.isLoaded(BBSAllPagePost.java:67)
	at org.openqa.selenium.support.ui.LoadableComponent.get(LoadableComponent.java:51)
	at cn.leanpro.pageobjects.Test.TestBBS.testchooseSection(TestBBS.java:37)
	at sun.reflect.NativeMethodAccessorImpl.invoke0(Native Method)
	at sun.reflect.NativeMethodAccessorImpl.invoke(NativeMethodAccessorImpl.java:57)
	at sun.reflect.DelegatingMethodAccessorImpl.invoke(DelegatingMethodAccessorImpl.java:43)
	at java.lang.reflect.Method.invoke(Method.java:606)
	at org.testng.internal.MethodInvocationHelper.invokeMethod(MethodInvocationHelper.java:85)
	at org.testng.internal.Invoker.invokeMethod(Invoker.java:639)
	at org.testng.internal.Invoker.invokeTestMethod(Invoker.java:816)
	at org.testng.internal.Invoker.invokeTestMethods(Invoker.java:1124)
	at org.testng.internal.TestMethodWorker.invokeTestMethods(TestMethodWorker.java:125)
	at org.testng.internal.TestMethodWorker.run(TestMethodWorker.java:108)
	at org.testng.TestRunner.privateRun(TestRunner.java:774)
	at org.testng.TestRunner.run(TestRunner.java:624)
	at org.testng.SuiteRunner.runTest(SuiteRunner.java:359)
	at org.testng.SuiteRunner.runSequentially(SuiteRunner.java:354)
	at org.testng.SuiteRunner.privateRun(SuiteRunner.java:312)
	at org.testng.SuiteRunner.run(SuiteRunner.java:261)
	at org.testng.SuiteRunnerWorker.runSuite(SuiteRunnerWorker.java:52)
	at org.testng.SuiteRunnerWorker.run(SuiteRunnerWorker.java:86)
	at org.testng.TestNG.runSuitesSequentially(TestNG.java:1191)
	at org.testng.TestNG.runSuitesLocally(TestNG.java:1116)
	at org.testng.TestNG.run(TestNG.java:1024)
	at org.apache.maven.surefire.testng.TestNGExecutor.run(TestNGExecutor.java:282)
	at org.apache.maven.surefire.testng.TestNGXmlTestSuite.execute(TestNGXmlTestSuite.java:83)
	at org.apache.maven.surefire.testng.TestNGProvider.invoke(TestNGProvider.java:114)
	at org.apache.maven.surefire.booter.ForkedBooter.invokeProviderInSameClassLoader(ForkedBooter.java:286)
	at org.apache.maven.surefire.booter.ForkedBooter.runSuitesInProcess(ForkedBooter.java:240)
	at org.apache.maven.surefire.booter.ForkedBooter.main(ForkedBooter.java:121)
]]>
            </full-stacktrace>
          </exception> <!-- java.lang.AssertionError -->
          <reporter-output>
            <line>
              <![CDATA[<a href='screenshot/Failures/TestBBS.testchooseSection.2016-02-15-11-25-51.png'><img width='200px' height='160px'  src=screenshot/Failures/TestBBS.testchooseSection.2016-02-15-11-25-51.png></a>]]>
            </line>
          </reporter-output>
        </test-method> <!-- testchooseSection -->
        <test-method status="PASS" signature="teardownDriver()[pri:0, instance:cn.leanpro.pageobjects.Test.TestBBS@7a2520fa]" name="teardownDriver" is-config="true" duration-ms="19" started-at="2016-02-15T11:25:51Z" finished-at="2016-02-15T11:25:51Z">
          <reporter-output>
          </reporter-output>
        </test-method> <!-- teardownDriver -->
      </class> <!-- cn.leanpro.pageobjects.Test.TestBBS -->
    </test> <!-- testbbs01 -->
  </suite> <!-- Suite1 -->
</testng-results>
