<?xml version="1.0" encoding="UTF-8"?>
<testng-results skipped="0" failed="1" total="3" passed="2">
  <reporter-output>
    <line>
      <![CDATA[<a href='C:\Users\zack\.jenkins\workspace\TestLeanpro-Maven/screenshot/Success/TestBBSPage.testCreateANewPost.2015-12-25-03-45-20.png'>TestBBSPage.testCreateANewPost</a>]]>
    </line>
    <line>
      <![CDATA[<a href='C:\Users\zack\.jenkins\workspace\TestLeanpro-Maven/screenshot/Success/TestBBSPage.testEditAPost.2015-12-25-03-45-34.png'>TestBBSPage.testEditAPost</a>]]>
    </line>
    <line>
      <![CDATA[<a href='C:\Users\zack\.jenkins\workspace\TestLeanpro-Maven/screenshot/Failures/TestBBSPage.testResponseAPost.2015-12-25-03-45-44.png'>TestBBSPage.testResponseAPost</a>]]>
    </line>
  </reporter-output>
  <suite name="Suite1" duration-ms="54982" started-at="2015-12-25T07:44:49Z" finished-at="2015-12-25T07:45:44Z">
    <groups>
    </groups>
    <test name="Nopackage" duration-ms="54982" started-at="2015-12-25T07:44:49Z" finished-at="2015-12-25T07:45:44Z">
      <class name="cn.leanpro.pageobjects.Test.TestBBSPage">
        <test-method status="PASS" signature="createDriver()[pri:0, instance:cn.leanpro.pageobjects.Test.TestBBSPage@20e5488e]" name="createDriver" is-config="true" duration-ms="11277" started-at="2015-12-25T15:44:49Z" finished-at="2015-12-25T15:45:00Z">
          <reporter-output>
          </reporter-output>
        </test-method> <!-- createDriver -->
        <test-method status="PASS" signature="initBrower()[pri:0, instance:cn.leanpro.pageobjects.Test.TestBBSPage@20e5488e]" name="initBrower" is-config="true" duration-ms="6333" started-at="2015-12-25T15:45:00Z" finished-at="2015-12-25T15:45:06Z">
          <reporter-output>
          </reporter-output>
        </test-method> <!-- initBrower -->
        <test-method status="PASS" signature="testCreateANewPost(cn.leanpro.model.BBSPostModle)[pri:0, instance:cn.leanpro.pageobjects.Test.TestBBSPage@20e5488e]" name="testCreateANewPost" duration-ms="12427" started-at="2015-12-25T15:45:07Z" data-provider="datawithbbspost" finished-at="2015-12-25T15:45:20Z">
          <params>
            <param index="0">
              <value>
                <![CDATA[cn.leanpro.model.BBSPostModle@444d9531]]>
              </value>
            </param>
          </params>
          <reporter-output>
            <line>
              <![CDATA[<a href='C:\Users\zack\.jenkins\workspace\TestLeanpro-Maven/screenshot/Success/TestBBSPage.testCreateANewPost.2015-12-25-03-45-20.png'>TestBBSPage.testCreateANewPost</a>]]>
            </line>
          </reporter-output>
        </test-method> <!-- testCreateANewPost -->
        <test-method status="PASS" signature="testEditAPost(cn.leanpro.model.BBSPostModle)[pri:0, instance:cn.leanpro.pageobjects.Test.TestBBSPage@20e5488e]" name="testEditAPost" duration-ms="13752" started-at="2015-12-25T15:45:20Z" data-provider="datawithbbspost" finished-at="2015-12-25T15:45:34Z">
          <params>
            <param index="0">
              <value>
                <![CDATA[cn.leanpro.model.BBSPostModle@417de6ff]]>
              </value>
            </param>
          </params>
          <reporter-output>
            <line>
              <![CDATA[<a href='C:\Users\zack\.jenkins\workspace\TestLeanpro-Maven/screenshot/Success/TestBBSPage.testEditAPost.2015-12-25-03-45-34.png'>TestBBSPage.testEditAPost</a>]]>
            </line>
          </reporter-output>
        </test-method> <!-- testEditAPost -->
        <test-method status="FAIL" signature="testResponseAPost(cn.leanpro.model.BBSPostModle)[pri:0, instance:cn.leanpro.pageobjects.Test.TestBBSPage@20e5488e]" name="testResponseAPost" duration-ms="9155" started-at="2015-12-25T15:45:34Z" data-provider="datawithbbspost" finished-at="2015-12-25T15:45:43Z">
          <params>
            <param index="0">
              <value>
                <![CDATA[cn.leanpro.model.BBSPostModle@1af072f9]]>
              </value>
            </param>
          </params>
          <exception class="java.lang.AssertionError">
            <message>
              <![CDATA[expected [true] but found [false]]]>
            </message>
            <full-stacktrace>
              <![CDATA[java.lang.AssertionError: expected [true] but found [false]
	at org.testng.Assert.fail(Assert.java:94)
	at org.testng.Assert.failNotEquals(Assert.java:496)
	at org.testng.Assert.assertTrue(Assert.java:42)
	at org.testng.Assert.assertTrue(Assert.java:52)
	at cn.leanpro.pageobjects.BBSResponsePost.responseAPost(BBSResponsePost.java:35)
	at cn.leanpro.pageobjects.BBSAllPagePost.responseAPost(BBSAllPagePost.java:47)
	at cn.leanpro.pageobjects.Test.TestBBSPage.testResponseAPost(TestBBSPage.java:64)
	at sun.reflect.NativeMethodAccessorImpl.invoke0(Native Method)
	at sun.reflect.NativeMethodAccessorImpl.invoke(NativeMethodAccessorImpl.java:57)
	at sun.reflect.DelegatingMethodAccessorImpl.invoke(DelegatingMethodAccessorImpl.java:43)
	at java.lang.reflect.Method.invoke(Method.java:606)
	at org.testng.internal.MethodInvocationHelper.invokeMethod(MethodInvocationHelper.java:85)
	at org.testng.internal.Invoker.invokeMethod(Invoker.java:639)
	at org.testng.internal.Invoker.invokeTestMethod(Invoker.java:816)
	at org.testng.internal.Invoker.invokeTestMethods(Invoker.java:1124)
	at org.testng.internal.TestMethodWorker.invokeTestMethods(TestMethodWorker.java:125)
	at org.testng.internal.TestMethodWorker.run(TestMethodWorker.java:108)
	at org.testng.TestRunner.privateRun(TestRunner.java:774)
	at org.testng.TestRunner.run(TestRunner.java:624)
	at org.testng.SuiteRunner.runTest(SuiteRunner.java:359)
	at org.testng.SuiteRunner.runSequentially(SuiteRunner.java:354)
	at org.testng.SuiteRunner.privateRun(SuiteRunner.java:312)
	at org.testng.SuiteRunner.run(SuiteRunner.java:261)
	at org.testng.SuiteRunnerWorker.runSuite(SuiteRunnerWorker.java:52)
	at org.testng.SuiteRunnerWorker.run(SuiteRunnerWorker.java:86)
	at org.testng.TestNG.runSuitesSequentially(TestNG.java:1191)
	at org.testng.TestNG.runSuitesLocally(TestNG.java:1116)
	at org.testng.TestNG.run(TestNG.java:1024)
	at org.apache.maven.surefire.testng.TestNGExecutor.run(TestNGExecutor.java:293)
	at org.apache.maven.surefire.testng.TestNGXmlTestSuite.execute(TestNGXmlTestSuite.java:84)
	at org.apache.maven.surefire.testng.TestNGProvider.invoke(TestNGProvider.java:91)
	at org.apache.maven.surefire.booter.ForkedBooter.invokeProviderInSameClassLoader(ForkedBooter.java:200)
	at org.apache.maven.surefire.booter.ForkedBooter.runSuitesInProcess(ForkedBooter.java:153)
	at org.apache.maven.surefire.booter.ForkedBooter.main(ForkedBooter.java:103)
]]>
            </full-stacktrace>
          </exception> <!-- java.lang.AssertionError -->
          <reporter-output>
            <line>
              <![CDATA[<a href='C:\Users\zack\.jenkins\workspace\TestLeanpro-Maven/screenshot/Failures/TestBBSPage.testResponseAPost.2015-12-25-03-45-44.png'>TestBBSPage.testResponseAPost</a>]]>
            </line>
          </reporter-output>
        </test-method> <!-- testResponseAPost -->
        <test-method status="PASS" signature="teardownDriver()[pri:0, instance:cn.leanpro.pageobjects.Test.TestBBSPage@20e5488e]" name="teardownDriver" is-config="true" duration-ms="15" started-at="2015-12-25T15:45:44Z" finished-at="2015-12-25T15:45:44Z">
          <reporter-output>
          </reporter-output>
        </test-method> <!-- teardownDriver -->
      </class> <!-- cn.leanpro.pageobjects.Test.TestBBSPage -->
    </test> <!-- Nopackage -->
  </suite> <!-- Suite1 -->
</testng-results>
