<?xml version="1.0" encoding="UTF-8"?>
<testng-results skipped="2" failed="0" total="2" passed="0">
  <reporter-output>
  </reporter-output>
  <suite name="Suite1" duration-ms="60972" started-at="2016-02-15T04:15:54Z" finished-at="2016-02-15T04:16:55Z">
    <groups>
    </groups>
    <test name="testbbs01" duration-ms="60972" started-at="2016-02-15T04:15:54Z" finished-at="2016-02-15T04:16:55Z">
      <class name="cn.leanpro.pageobjects.Test.TestBBS">
        <test-method status="PASS" signature="createDriver()[pri:0, instance:cn.leanpro.pageobjects.Test.TestBBS@1b983bbc]" name="createDriver" is-config="true" duration-ms="15" started-at="2016-02-15T12:15:54Z" finished-at="2016-02-15T12:15:54Z">
          <reporter-output>
          </reporter-output>
        </test-method> <!-- createDriver -->
        <test-method status="FAIL" signature="initBrower()[pri:0, instance:cn.leanpro.pageobjects.Test.TestBBS@1b983bbc]" name="initBrower" is-config="true" duration-ms="0" started-at="2016-02-15T12:15:54Z" finished-at="2016-02-15T12:15:54Z">
          <exception class="org.openqa.selenium.WebDriverException">
            <message>
              <![CDATA[Failed to connect to binary FirefoxBinary(C:\Program Files (x86)\Mozilla Firefox\firefox.exe) on port 7055; process output follows: 
 finished startup: LightweightThemeManager
1455509769276	addons.manager	DEBUG	Starting provider: GMPProvider
1455509769277	addons.manager	DEBUG	Registering shutdown blocker for GMPProvider
1455509769277	addons.manager	DEBUG	Provider finished startup: GMPProvider
1455509769278	addons.manager	DEBUG	Starting provider: PluginProvider
1455509769278	addons.manager	DEBUG	Registering shutdown blocker for PluginProvider
1455509769278	addons.manager	DEBUG	Provider finished startup: PluginProvider
1455509769278	addons.manager	DEBUG	Completed startup sequence
JavaScript warning: file:///C:/Users/zack/AppData/Local/Temp/anonymous7948404155217155781webdriver-profile/extensions/cpmanager@mozillaonline.com/components/ceTracking.js, line 129: JavaScript 1.7's let blocks are deprecated
1455509769380	addons.xpi-utils	DEBUG	Starting async load of XPI database C:\Users\zack\AppData\Local\Temp\anonymous7948404155217155781webdriver-profile\extensions.json
JavaScript warning: file:///C:/Users/zack/AppData/Local/Temp/anonymous7948404155217155781webdriver-profile/extensions/cpmanager@mozillaonline.com/components/ceTracking-old.js, line 89: JavaScript 1.7's let blocks are deprecated
1455509769639	addons.xpi-utils	DEBUG	Async JSON file read took 0 MS
1455509769639	addons.xpi-utils	DEBUG	Finished async read of XPI database, parsing...
1455509769641	addons.xpi-utils	DEBUG	Successfully read XPI database
*** Blocklist::_loadBlocklistFromFile: blocklist is disabled
JavaScript error: file:///C:/Users/zack/AppData/Local/Temp/anonymous7948404155217155781webdriver-profile/extensions/cpmanager@mozillaonline.com/components/mozCNGuard.js, line 432: TypeError: w.gBrowser is null
JavaScript error: http://offlintab.firefoxchina.cn/static/preload.html, line 127: ReferenceError: mozIndexedDB is not defined
JavaScript warning: resource://addoninstaller/log4moz.js, line 494: mutating the [[Prototype]] of an object will cause your code to run very slowly; instead create the object with the correct initial [[Prototype]] value using Object.create
console.error: 
  [CustomizableUI]
  Custom widget with id loop-button does not return a valid node
JavaScript error: file:///C:/Users/zack/AppData/Local/Temp/anonymous7948404155217155781webdriver-profile/extensions/fxdriver@googlecode.com/components/driver-component.js, line 11487: TypeError: this.server_ is undefined
JavaScript error: chrome://fxdriver/content/server.js, line 38: NS_ERROR_XPC_CI_RETURNED_FAILURE: Component returned failure code: 0x80570015 (NS_ERROR_XPC_CI_RETURNED_FAILURE) [nsIJSCID.createInstance]
JavaScript error: chrome://coba/content/overlay.js, line 871: NS_ERROR_FAILURE: Component returned failure code: 0x80004005 (NS_ERROR_FAILURE) [nsIWindowsRegKey.open]
JavaScript error: resource:///modules/sessionstore/SessionStore.jsm, line 1672: NS_ERROR_ILLEGAL_VALUE: Window is not tracked
console.error: 
  [CustomizableUI]
  Custom widget with id loop-button does not return a valid node
1455509772667	addons.manager	DEBUG	Starting provider: <unnamed-provider>
1455509772667	addons.manager	DEBUG	Registering shutdown blocker for <unnamed-provider>
1455509772667	addons.manager	DEBUG	Provider finished startup: <unnamed-provider>
1455509772781	addons.repository	DEBUG	No addons.json found.
1455509772782	DeferredSave.addons.json	DEBUG	Save changes
1455509772784	DeferredSave.addons.json	DEBUG	Starting timer
1455509773243	DeferredSave.addons.json	DEBUG	Starting write
JavaScript error: resource:///modules/WindowsPreviewPerTab.jsm, line 406: NS_ERROR_FAILURE: Component returned failure code: 0x80004005 (NS_ERROR_FAILURE) [nsITaskbarTabPreview.invalidate]
JavaScript error: resource:///modules/WindowsPreviewPerTab.jsm, line 406: NS_ERROR_FAILURE: Component returned failure code: 0x80004005 (NS_ERROR_FAILURE) [nsITaskbarTabPreview.invalidate]
JavaScript error: resource:///modules/WindowsPreviewPerTab.jsm, line 406: NS_ERROR_FAILURE: Component returned failure code: 0x80004005 (NS_ERROR_FAILURE) [nsITaskbarTabPreview.invalidate]
1455509773777	DeferredSave.addons.json	DEBUG	Write succeeded

Build info: version: '2.44.0', revision: '76d78cf323ce037c5f92db6c1bba601c2ac43ad8', time: '2014-10-23 13:11:40'
System info: host: 'zack-pc', ip: '192.168.204.1', os.name: 'Windows 8.1', os.arch: 'amd64', os.version: '6.3', java.version: '1.7.0_80'
Driver info: driver.version: FirefoxDriver]]>
            </message>
            <full-stacktrace>
              <![CDATA[org.openqa.selenium.WebDriverException: Failed to connect to binary FirefoxBinary(C:\Program Files (x86)\Mozilla Firefox\firefox.exe) on port 7055; process output follows: 
 finished startup: LightweightThemeManager
1455509769276	addons.manager	DEBUG	Starting provider: GMPProvider
1455509769277	addons.manager	DEBUG	Registering shutdown blocker for GMPProvider
1455509769277	addons.manager	DEBUG	Provider finished startup: GMPProvider
1455509769278	addons.manager	DEBUG	Starting provider: PluginProvider
1455509769278	addons.manager	DEBUG	Registering shutdown blocker for PluginProvider
1455509769278	addons.manager	DEBUG	Provider finished startup: PluginProvider
1455509769278	addons.manager	DEBUG	Completed startup sequence
JavaScript warning: file:///C:/Users/zack/AppData/Local/Temp/anonymous7948404155217155781webdriver-profile/extensions/cpmanager@mozillaonline.com/components/ceTracking.js, line 129: JavaScript 1.7's let blocks are deprecated
1455509769380	addons.xpi-utils	DEBUG	Starting async load of XPI database C:\Users\zack\AppData\Local\Temp\anonymous7948404155217155781webdriver-profile\extensions.json
JavaScript warning: file:///C:/Users/zack/AppData/Local/Temp/anonymous7948404155217155781webdriver-profile/extensions/cpmanager@mozillaonline.com/components/ceTracking-old.js, line 89: JavaScript 1.7's let blocks are deprecated
1455509769639	addons.xpi-utils	DEBUG	Async JSON file read took 0 MS
1455509769639	addons.xpi-utils	DEBUG	Finished async read of XPI database, parsing...
1455509769641	addons.xpi-utils	DEBUG	Successfully read XPI database
*** Blocklist::_loadBlocklistFromFile: blocklist is disabled
JavaScript error: file:///C:/Users/zack/AppData/Local/Temp/anonymous7948404155217155781webdriver-profile/extensions/cpmanager@mozillaonline.com/components/mozCNGuard.js, line 432: TypeError: w.gBrowser is null
JavaScript error: http://offlintab.firefoxchina.cn/static/preload.html, line 127: ReferenceError: mozIndexedDB is not defined
JavaScript warning: resource://addoninstaller/log4moz.js, line 494: mutating the [[Prototype]] of an object will cause your code to run very slowly; instead create the object with the correct initial [[Prototype]] value using Object.create
console.error: 
  [CustomizableUI]
  Custom widget with id loop-button does not return a valid node
JavaScript error: file:///C:/Users/zack/AppData/Local/Temp/anonymous7948404155217155781webdriver-profile/extensions/fxdriver@googlecode.com/components/driver-component.js, line 11487: TypeError: this.server_ is undefined
JavaScript error: chrome://fxdriver/content/server.js, line 38: NS_ERROR_XPC_CI_RETURNED_FAILURE: Component returned failure code: 0x80570015 (NS_ERROR_XPC_CI_RETURNED_FAILURE) [nsIJSCID.createInstance]
JavaScript error: chrome://coba/content/overlay.js, line 871: NS_ERROR_FAILURE: Component returned failure code: 0x80004005 (NS_ERROR_FAILURE) [nsIWindowsRegKey.open]
JavaScript error: resource:///modules/sessionstore/SessionStore.jsm, line 1672: NS_ERROR_ILLEGAL_VALUE: Window is not tracked
console.error: 
  [CustomizableUI]
  Custom widget with id loop-button does not return a valid node
1455509772667	addons.manager	DEBUG	Starting provider: <unnamed-provider>
1455509772667	addons.manager	DEBUG	Registering shutdown blocker for <unnamed-provider>
1455509772667	addons.manager	DEBUG	Provider finished startup: <unnamed-provider>
1455509772781	addons.repository	DEBUG	No addons.json found.
1455509772782	DeferredSave.addons.json	DEBUG	Save changes
1455509772784	DeferredSave.addons.json	DEBUG	Starting timer
1455509773243	DeferredSave.addons.json	DEBUG	Starting write
JavaScript error: resource:///modules/WindowsPreviewPerTab.jsm, line 406: NS_ERROR_FAILURE: Component returned failure code: 0x80004005 (NS_ERROR_FAILURE) [nsITaskbarTabPreview.invalidate]
JavaScript error: resource:///modules/WindowsPreviewPerTab.jsm, line 406: NS_ERROR_FAILURE: Component returned failure code: 0x80004005 (NS_ERROR_FAILURE) [nsITaskbarTabPreview.invalidate]
JavaScript error: resource:///modules/WindowsPreviewPerTab.jsm, line 406: NS_ERROR_FAILURE: Component returned failure code: 0x80004005 (NS_ERROR_FAILURE) [nsITaskbarTabPreview.invalidate]
1455509773777	DeferredSave.addons.json	DEBUG	Write succeeded

Build info: version: '2.44.0', revision: '76d78cf323ce037c5f92db6c1bba601c2ac43ad8', time: '2014-10-23 13:11:40'
System info: host: 'zack-pc', ip: '192.168.204.1', os.name: 'Windows 8.1', os.arch: 'amd64', os.version: '6.3', java.version: '1.7.0_80'
Driver info: driver.version: FirefoxDriver
	at org.openqa.selenium.firefox.internal.NewProfileExtensionConnection.start(NewProfileExtensionConnection.java:130)
	at org.openqa.selenium.firefox.FirefoxDriver.startClient(FirefoxDriver.java:246)
	at org.openqa.selenium.remote.RemoteWebDriver.<init>(RemoteWebDriver.java:114)
	at org.openqa.selenium.firefox.FirefoxDriver.<init>(FirefoxDriver.java:191)
	at org.openqa.selenium.firefox.FirefoxDriver.<init>(FirefoxDriver.java:186)
	at org.openqa.selenium.firefox.FirefoxDriver.<init>(FirefoxDriver.java:103)
	at cn.leanpro.TestSuiteBase.DriverType$1.getWebdriverObject(DriverType.java:20)
	at cn.leanpro.TestSuiteBase.WebdriverThread.instantiateWebDriver(WebdriverThread.java:48)
	at cn.leanpro.TestSuiteBase.WebdriverThread.getDriver(WebdriverThread.java:24)
	at cn.leanpro.TestSuiteBase.BaseTest.getDriver(BaseTest.java:22)
	at cn.leanpro.pageobjects.Test.TestBBS.initBrower(TestBBS.java:31)
	at sun.reflect.NativeMethodAccessorImpl.invoke0(Native Method)
	at sun.reflect.NativeMethodAccessorImpl.invoke(NativeMethodAccessorImpl.java:57)
	at sun.reflect.DelegatingMethodAccessorImpl.invoke(DelegatingMethodAccessorImpl.java:43)
	at java.lang.reflect.Method.invoke(Method.java:606)
	at org.testng.internal.MethodInvocationHelper.invokeMethod(MethodInvocationHelper.java:85)
	at org.testng.internal.Invoker.invokeConfigurationMethod(Invoker.java:510)
	at org.testng.internal.Invoker.invokeConfigurations(Invoker.java:211)
	at org.testng.internal.Invoker.invokeConfigurations(Invoker.java:138)
	at org.testng.internal.TestMethodWorker.invokeBeforeClassMethods(TestMethodWorker.java:170)
	at org.testng.internal.TestMethodWorker.run(TestMethodWorker.java:104)
	at org.testng.TestRunner.privateRun(TestRunner.java:774)
	at org.testng.TestRunner.run(TestRunner.java:624)
	at org.testng.SuiteRunner.runTest(SuiteRunner.java:359)
	at org.testng.SuiteRunner.runSequentially(SuiteRunner.java:354)
	at org.testng.SuiteRunner.privateRun(SuiteRunner.java:312)
	at org.testng.SuiteRunner.run(SuiteRunner.java:261)
	at org.testng.SuiteRunnerWorker.runSuite(SuiteRunnerWorker.java:52)
	at org.testng.SuiteRunnerWorker.run(SuiteRunnerWorker.java:86)
	at org.testng.TestNG.runSuitesSequentially(TestNG.java:1191)
	at org.testng.TestNG.runSuitesLocally(TestNG.java:1116)
	at org.testng.TestNG.run(TestNG.java:1024)
	at org.apache.maven.surefire.testng.TestNGExecutor.run(TestNGExecutor.java:282)
	at org.apache.maven.surefire.testng.TestNGXmlTestSuite.execute(TestNGXmlTestSuite.java:83)
	at org.apache.maven.surefire.testng.TestNGProvider.invoke(TestNGProvider.java:114)
	at org.apache.maven.surefire.booter.ForkedBooter.invokeProviderInSameClassLoader(ForkedBooter.java:286)
	at org.apache.maven.surefire.booter.ForkedBooter.runSuitesInProcess(ForkedBooter.java:240)
	at org.apache.maven.surefire.booter.ForkedBooter.main(ForkedBooter.java:121)
Caused by: org.openqa.selenium.firefox.NotConnectedException: Unable to connect to host 127.0.0.1 on port 7055 after 45000 ms. Firefox console output:
 finished startup: LightweightThemeManager
1455509769276	addons.manager	DEBUG	Starting provider: GMPProvider
1455509769277	addons.manager	DEBUG	Registering shutdown blocker for GMPProvider
1455509769277	addons.manager	DEBUG	Provider finished startup: GMPProvider
1455509769278	addons.manager	DEBUG	Starting provider: PluginProvider
1455509769278	addons.manager	DEBUG	Registering shutdown blocker for PluginProvider
1455509769278	addons.manager	DEBUG	Provider finished startup: PluginProvider
1455509769278	addons.manager	DEBUG	Completed startup sequence
JavaScript warning: file:///C:/Users/zack/AppData/Local/Temp/anonymous7948404155217155781webdriver-profile/extensions/cpmanager@mozillaonline.com/components/ceTracking.js, line 129: JavaScript 1.7's let blocks are deprecated
1455509769380	addons.xpi-utils	DEBUG	Starting async load of XPI database C:\Users\zack\AppData\Local\Temp\anonymous7948404155217155781webdriver-profile\extensions.json
JavaScript warning: file:///C:/Users/zack/AppData/Local/Temp/anonymous7948404155217155781webdriver-profile/extensions/cpmanager@mozillaonline.com/components/ceTracking-old.js, line 89: JavaScript 1.7's let blocks are deprecated
1455509769639	addons.xpi-utils	DEBUG	Async JSON file read took 0 MS
1455509769639	addons.xpi-utils	DEBUG	Finished async read of XPI database, parsing...
1455509769641	addons.xpi-utils	DEBUG	Successfully read XPI database
*** Blocklist::_loadBlocklistFromFile: blocklist is disabled
JavaScript error: file:///C:/Users/zack/AppData/Local/Temp/anonymous7948404155217155781webdriver-profile/extensions/cpmanager@mozillaonline.com/components/mozCNGuard.js, line 432: TypeError: w.gBrowser is null
JavaScript error: http://offlintab.firefoxchina.cn/static/preload.html, line 127: ReferenceError: mozIndexedDB is not defined
JavaScript warning: resource://addoninstaller/log4moz.js, line 494: mutating the [[Prototype]] of an object will cause your code to run very slowly; instead create the object with the correct initial [[Prototype]] value using Object.create
console.error: 
  [CustomizableUI]
  Custom widget with id loop-button does not return a valid node
JavaScript error: file:///C:/Users/zack/AppData/Local/Temp/anonymous7948404155217155781webdriver-profile/extensions/fxdriver@googlecode.com/components/driver-component.js, line 11487: TypeError: this.server_ is undefined
JavaScript error: chrome://fxdriver/content/server.js, line 38: NS_ERROR_XPC_CI_RETURNED_FAILURE: Component returned failure code: 0x80570015 (NS_ERROR_XPC_CI_RETURNED_FAILURE) [nsIJSCID.createInstance]
JavaScript error: chrome://coba/content/overlay.js, line 871: NS_ERROR_FAILURE: Component returned failure code: 0x80004005 (NS_ERROR_FAILURE) [nsIWindowsRegKey.open]
JavaScript error: resource:///modules/sessionstore/SessionStore.jsm, line 1672: NS_ERROR_ILLEGAL_VALUE: Window is not tracked
console.error: 
  [CustomizableUI]
  Custom widget with id loop-button does not return a valid node
1455509772667	addons.manager	DEBUG	Starting provider: <unnamed-provider>
1455509772667	addons.manager	DEBUG	Registering shutdown blocker for <unnamed-provider>
1455509772667	addons.manager	DEBUG	Provider finished startup: <unnamed-provider>
1455509772781	addons.repository	DEBUG	No addons.json found.
1455509772782	DeferredSave.addons.json	DEBUG	Save changes
1455509772784	DeferredSave.addons.json	DEBUG	Starting timer
1455509773243	DeferredSave.addons.json	DEBUG	Starting write
JavaScript error: resource:///modules/WindowsPreviewPerTab.jsm, line 406: NS_ERROR_FAILURE: Component returned failure code: 0x80004005 (NS_ERROR_FAILURE) [nsITaskbarTabPreview.invalidate]
JavaScript error: resource:///modules/WindowsPreviewPerTab.jsm, line 406: NS_ERROR_FAILURE: Component returned failure code: 0x80004005 (NS_ERROR_FAILURE) [nsITaskbarTabPreview.invalidate]
JavaScript error: resource:///modules/WindowsPreviewPerTab.jsm, line 406: NS_ERROR_FAILURE: Component returned failure code: 0x80004005 (NS_ERROR_FAILURE) [nsITaskbarTabPreview.invalidate]
1455509773777	DeferredSave.addons.json	DEBUG	Write succeeded

	at org.openqa.selenium.firefox.internal.NewProfileExtensionConnection.start(NewProfileExtensionConnection.java:118)
	... 37 more
]]>
            </full-stacktrace>
          </exception> <!-- org.openqa.selenium.WebDriverException -->
          <reporter-output>
          </reporter-output>
        </test-method> <!-- initBrower -->
        <test-method status="SKIP" signature="testchooseSection()[pri:0, instance:cn.leanpro.pageobjects.Test.TestBBS@1b983bbc]" name="testchooseSection" duration-ms="0" started-at="2016-02-15T12:16:55Z" finished-at="2016-02-15T12:16:55Z">
          <reporter-output>
          </reporter-output>
        </test-method> <!-- testchooseSection -->
        <test-method status="SKIP" signature="teardownDriver()[pri:0, instance:cn.leanpro.pageobjects.Test.TestBBS@1b983bbc]" name="teardownDriver" is-config="true" duration-ms="0" started-at="2016-02-15T12:16:55Z" finished-at="2016-02-15T12:16:55Z">
          <reporter-output>
          </reporter-output>
        </test-method> <!-- teardownDriver -->
        <test-method status="SKIP" signature="testbbsLogin(cn.leanpro.model.Users)[pri:0, instance:cn.leanpro.pageobjects.Test.TestBBS@1b983bbc]" name="testbbsLogin" duration-ms="0" started-at="2016-02-15T12:16:55Z" data-provider="datawithuser" finished-at="2016-02-15T12:16:55Z">
          <exception class="java.lang.RuntimeException">
            <message>
              <![CDATA[java.io.FileNotFoundException: file:\C:\Users\zack\.jenkins\workspace\webtest-browser\target\testSelenium-0.0.1-SNAPSHOT.jar!\testdata.xlsx (文件名、目录名或卷标语法不正确。)]]>
            </message>
            <full-stacktrace>
              <![CDATA[java.lang.RuntimeException: java.io.FileNotFoundException: file:\C:\Users\zack\.jenkins\workspace\webtest-browser\target\testSelenium-0.0.1-SNAPSHOT.jar!\testdata.xlsx (文件名、目录名或卷标语法不正确。)
	at org.testng.internal.MethodInvocationHelper.invokeDataProvider(MethodInvocationHelper.java:162)
	at org.testng.internal.Parameters.handleParameters(Parameters.java:430)
	at org.testng.internal.Invoker.handleParameters(Invoker.java:1270)
	at org.testng.internal.Invoker.createParameters(Invoker.java:985)
	at org.testng.internal.Invoker.invokeTestMethods(Invoker.java:1075)
	at org.testng.internal.TestMethodWorker.invokeTestMethods(TestMethodWorker.java:125)
	at org.testng.internal.TestMethodWorker.run(TestMethodWorker.java:108)
	at org.testng.TestRunner.privateRun(TestRunner.java:774)
	at org.testng.TestRunner.run(TestRunner.java:624)
	at org.testng.SuiteRunner.runTest(SuiteRunner.java:359)
	at org.testng.SuiteRunner.runSequentially(SuiteRunner.java:354)
	at org.testng.SuiteRunner.privateRun(SuiteRunner.java:312)
	at org.testng.SuiteRunner.run(SuiteRunner.java:261)
	at org.testng.SuiteRunnerWorker.runSuite(SuiteRunnerWorker.java:52)
	at org.testng.SuiteRunnerWorker.run(SuiteRunnerWorker.java:86)
	at org.testng.TestNG.runSuitesSequentially(TestNG.java:1191)
	at org.testng.TestNG.runSuitesLocally(TestNG.java:1116)
	at org.testng.TestNG.run(TestNG.java:1024)
	at org.apache.maven.surefire.testng.TestNGExecutor.run(TestNGExecutor.java:282)
	at org.apache.maven.surefire.testng.TestNGXmlTestSuite.execute(TestNGXmlTestSuite.java:83)
	at org.apache.maven.surefire.testng.TestNGProvider.invoke(TestNGProvider.java:114)
	at org.apache.maven.surefire.booter.ForkedBooter.invokeProviderInSameClassLoader(ForkedBooter.java:286)
	at org.apache.maven.surefire.booter.ForkedBooter.runSuitesInProcess(ForkedBooter.java:240)
	at org.apache.maven.surefire.booter.ForkedBooter.main(ForkedBooter.java:121)
Caused by: java.io.FileNotFoundException: file:\C:\Users\zack\.jenkins\workspace\webtest-browser\target\testSelenium-0.0.1-SNAPSHOT.jar!\testdata.xlsx (文件名、目录名或卷标语法不正确。)
	at java.io.FileInputStream.open(Native Method)
	at java.io.FileInputStream.<init>(FileInputStream.java:146)
	at cn.leanpro.util.ExOM.map(ExOM.java:141)
	at cn.leanpro.pageobjects.Test.TestBBS.datawithuser(TestBBS.java:54)
	at sun.reflect.NativeMethodAccessorImpl.invoke0(Native Method)
	at sun.reflect.NativeMethodAccessorImpl.invoke(NativeMethodAccessorImpl.java:57)
	at sun.reflect.DelegatingMethodAccessorImpl.invoke(DelegatingMethodAccessorImpl.java:43)
	at java.lang.reflect.Method.invoke(Method.java:606)
	at org.testng.internal.MethodInvocationHelper.invokeMethod(MethodInvocationHelper.java:85)
	at org.testng.internal.MethodInvocationHelper.invokeDataProvider(MethodInvocationHelper.java:154)
	... 23 more
]]>
            </full-stacktrace>
          </exception> <!-- java.lang.RuntimeException -->
          <reporter-output>
          </reporter-output>
        </test-method> <!-- testbbsLogin -->
      </class> <!-- cn.leanpro.pageobjects.Test.TestBBS -->
    </test> <!-- testbbs01 -->
  </suite> <!-- Suite1 -->
</testng-results>
