<?xml version="1.0" encoding="UTF-8"?>
<testng-results skipped="0" failed="3" total="6" passed="3">
  <reporter-output>
    <line>
      <![CDATA[<a href='screenshot/Failures/TestBBSPage.testCreateANewPost.2016-01-21-02-19-11.png'><img width='200px' height='160px'  src=screenshot/Failures/TestBBSPage.testCreateANewPost.2016-01-21-02-19-11.png></a>]]>
    </line>
    <line>
      <![CDATA[<a href='screenshot/Failures/TestBBSPage.testEditAPost.2016-01-21-02-19-23.png'><img width='200px' height='160px'  src=screenshot/Failures/TestBBSPage.testEditAPost.2016-01-21-02-19-23.png></a>]]>
    </line>
    <line>
      <![CDATA[<a href='screenshot/Failures/TestBBSPage.testResponseAPost.2016-01-21-02-19-35.png'><img width='200px' height='160px'  src=screenshot/Failures/TestBBSPage.testResponseAPost.2016-01-21-02-19-35.png></a>]]>
    </line>
    <line>
      <![CDATA[<a href='screenshot/Success/TestBBS.testbbsLogin.2016-01-21-02-19-48.png'><img width='200px' height='160px'  src=screenshot/Success/TestBBS.testbbsLogin.2016-01-21-02-19-48.png></a>]]>
    </line>
    <line>
      <![CDATA[<a href='screenshot/Success/TestBBS.testbbsLogin.2016-01-21-02-19-52.png'><img width='200px' height='160px'  src=screenshot/Success/TestBBS.testbbsLogin.2016-01-21-02-19-52.png></a>]]>
    </line>
    <line>
      <![CDATA[<a href='screenshot/Success/TestBBS.testchooseSection.2016-01-21-02-19-55.png'><img width='200px' height='160px'  src=screenshot/Success/TestBBS.testchooseSection.2016-01-21-02-19-55.png></a>]]>
    </line>
  </reporter-output>
  <suite name="Suite1" duration-ms="69987" started-at="2016-01-21T06:18:45Z" finished-at="2016-01-21T06:19:55Z">
    <groups>
    </groups>
    <test name="Nopackage01" duration-ms="49716" started-at="2016-01-21T06:18:45Z" finished-at="2016-01-21T06:19:35Z">
      <class name="cn.leanpro.pageobjects.Test.TestBBSPage">
        <test-method status="PASS" signature="createDriver()[pri:0, instance:cn.leanpro.pageobjects.Test.TestBBSPage@7ea47c7a]" name="createDriver" is-config="true" duration-ms="8835" started-at="2016-01-21T14:18:45Z" finished-at="2016-01-21T14:18:54Z">
          <reporter-output>
          </reporter-output>
        </test-method> <!-- createDriver -->
        <test-method status="PASS" signature="initBrower()[pri:0, instance:cn.leanpro.pageobjects.Test.TestBBSPage@7ea47c7a]" name="initBrower" is-config="true" duration-ms="5071" started-at="2016-01-21T14:18:54Z" finished-at="2016-01-21T14:18:59Z">
          <reporter-output>
          </reporter-output>
        </test-method> <!-- initBrower -->
        <test-method status="FAIL" signature="testCreateANewPost(cn.leanpro.model.BBSPostModle)[pri:0, instance:cn.leanpro.pageobjects.Test.TestBBSPage@7ea47c7a]" name="testCreateANewPost" duration-ms="11548" started-at="2016-01-21T14:19:00Z" data-provider="datawithbbspost" finished-at="2016-01-21T14:19:11Z">
          <params>
            <param index="0">
              <value>
                <![CDATA[cn.leanpro.model.BBSPostModle@115f518a]]>
              </value>
            </param>
          </params>
          <exception class="org.openqa.selenium.NoSuchElementException">
            <message>
              <![CDATA[Unable to locate element: {"method":"id","selector":"e_iframe"}
Command duration or timeout: 10.06 seconds
For documentation on this error, please visit: http://seleniumhq.org/exceptions/no_such_element.html
Build info: version: '2.48.2', revision: '41bccdd10cf2c0560f637404c2d96164b67d9d67', time: '2015-10-09 13:08:06'
System info: host: 'zack-pc', ip: '192.168.204.1', os.name: 'Windows 8.1', os.arch: 'amd64', os.version: '6.3', java.version: '1.7.0_80'
*** Element info: {Using=id, value=e_iframe}
Session ID: 03f5d684-3e7b-4393-a11b-83f0dad46008
Driver info: org.openqa.selenium.firefox.FirefoxDriver
Capabilities [{platform=WINDOWS, acceptSslCerts=true, javascriptEnabled=true, cssSelectorsEnabled=true, databaseEnabled=true, browserName=firefox, handlesAlerts=true, nativeEvents=false, webStorageEnabled=true, rotatable=false, locationContextEnabled=true, applicationCacheEnabled=true, takesScreenshot=true, version=38.4.0}]]]>
            </message>
            <full-stacktrace>
              <![CDATA[org.openqa.selenium.NoSuchElementException: Unable to locate element: {"method":"id","selector":"e_iframe"}
Command duration or timeout: 10.06 seconds
For documentation on this error, please visit: http://seleniumhq.org/exceptions/no_such_element.html
Build info: version: '2.48.2', revision: '41bccdd10cf2c0560f637404c2d96164b67d9d67', time: '2015-10-09 13:08:06'
System info: host: 'zack-pc', ip: '192.168.204.1', os.name: 'Windows 8.1', os.arch: 'amd64', os.version: '6.3', java.version: '1.7.0_80'
*** Element info: {Using=id, value=e_iframe}
Session ID: 03f5d684-3e7b-4393-a11b-83f0dad46008
Driver info: org.openqa.selenium.firefox.FirefoxDriver
Capabilities [{platform=WINDOWS, acceptSslCerts=true, javascriptEnabled=true, cssSelectorsEnabled=true, databaseEnabled=true, browserName=firefox, handlesAlerts=true, nativeEvents=false, webStorageEnabled=true, rotatable=false, locationContextEnabled=true, applicationCacheEnabled=true, takesScreenshot=true, version=38.4.0}]
	at sun.reflect.NativeConstructorAccessorImpl.newInstance0(Native Method)
	at sun.reflect.NativeConstructorAccessorImpl.newInstance(NativeConstructorAccessorImpl.java:57)
	at sun.reflect.DelegatingConstructorAccessorImpl.newInstance(DelegatingConstructorAccessorImpl.java:45)
	at java.lang.reflect.Constructor.newInstance(Constructor.java:526)
	at org.openqa.selenium.remote.ErrorHandler.createThrowable(ErrorHandler.java:206)
	at org.openqa.selenium.remote.ErrorHandler.throwIfResponseFailed(ErrorHandler.java:158)
	at org.openqa.selenium.remote.RemoteWebDriver.execute(RemoteWebDriver.java:647)
	at org.openqa.selenium.remote.RemoteWebDriver.findElement(RemoteWebDriver.java:353)
	at org.openqa.selenium.remote.RemoteWebDriver.findElementById(RemoteWebDriver.java:403)
	at org.openqa.selenium.By$ById.findElement(By.java:218)
	at org.openqa.selenium.remote.RemoteWebDriver.findElement(RemoteWebDriver.java:345)
	at org.openqa.selenium.support.pagefactory.DefaultElementLocator.findElement(DefaultElementLocator.java:69)
	at org.openqa.selenium.support.pagefactory.internal.LocatingElementHandler.invoke(LocatingElementHandler.java:38)
	at com.sun.proxy.$Proxy6.getWrappedElement(Unknown Source)
	at org.openqa.selenium.remote.internal.WebElementToJsonConverter.apply(WebElementToJsonConverter.java:49)
	at org.openqa.selenium.remote.RemoteWebDriver$RemoteTargetLocator.frame(RemoteWebDriver.java:961)
	at cn.leanpro.pageobjects.BBSNewPost.createANewPost(BBSNewPost.java:34)
	at cn.leanpro.pageobjects.BBSAllPagePost.createAPost(BBSAllPagePost.java:39)
	at cn.leanpro.pageobjects.Test.TestBBSPage.testCreateANewPost(TestBBSPage.java:47)
	at sun.reflect.NativeMethodAccessorImpl.invoke0(Native Method)
	at sun.reflect.NativeMethodAccessorImpl.invoke(NativeMethodAccessorImpl.java:57)
	at sun.reflect.DelegatingMethodAccessorImpl.invoke(DelegatingMethodAccessorImpl.java:43)
	at java.lang.reflect.Method.invoke(Method.java:606)
	at org.testng.internal.MethodInvocationHelper.invokeMethod(MethodInvocationHelper.java:85)
	at org.testng.internal.Invoker.invokeMethod(Invoker.java:639)
	at org.testng.internal.Invoker.invokeTestMethod(Invoker.java:816)
	at org.testng.internal.Invoker.invokeTestMethods(Invoker.java:1124)
	at org.testng.internal.TestMethodWorker.invokeTestMethods(TestMethodWorker.java:125)
	at org.testng.internal.TestMethodWorker.run(TestMethodWorker.java:108)
	at org.testng.TestRunner.privateRun(TestRunner.java:774)
	at org.testng.TestRunner.run(TestRunner.java:624)
	at org.testng.SuiteRunner.runTest(SuiteRunner.java:359)
	at org.testng.SuiteRunner.runSequentially(SuiteRunner.java:354)
	at org.testng.SuiteRunner.privateRun(SuiteRunner.java:312)
	at org.testng.SuiteRunner.run(SuiteRunner.java:261)
	at org.testng.SuiteRunnerWorker.runSuite(SuiteRunnerWorker.java:52)
	at org.testng.SuiteRunnerWorker.run(SuiteRunnerWorker.java:86)
	at org.testng.TestNG.runSuitesSequentially(TestNG.java:1191)
	at org.testng.TestNG.runSuitesLocally(TestNG.java:1116)
	at org.testng.TestNG.run(TestNG.java:1024)
	at org.apache.maven.surefire.testng.TestNGExecutor.run(TestNGExecutor.java:293)
	at org.apache.maven.surefire.testng.TestNGXmlTestSuite.execute(TestNGXmlTestSuite.java:84)
	at org.apache.maven.surefire.testng.TestNGProvider.invoke(TestNGProvider.java:91)
	at org.apache.maven.surefire.booter.ForkedBooter.invokeProviderInSameClassLoader(ForkedBooter.java:200)
	at org.apache.maven.surefire.booter.ForkedBooter.runSuitesInProcess(ForkedBooter.java:153)
	at org.apache.maven.surefire.booter.ForkedBooter.main(ForkedBooter.java:103)
Caused by: org.openqa.selenium.NoSuchElementException: Unable to locate element: {"method":"id","selector":"e_iframe"}
For documentation on this error, please visit: http://seleniumhq.org/exceptions/no_such_element.html
Build info: version: '2.48.2', revision: '41bccdd10cf2c0560f637404c2d96164b67d9d67', time: '2015-10-09 13:08:06'
System info: host: 'zack-pc', ip: '192.168.204.1', os.name: 'Windows 8.1', os.arch: 'amd64', os.version: '6.3', java.version: '1.7.0_80'
Driver info: driver.version: unknown
	at <anonymous class>.FirefoxDriver.prototype.findElementInternal_(file:///C:/Users/zack/AppData/Local/Temp/anonymous5769088120591526491webdriver-profile/extensions/fxdriver@googlecode.com/components/driver-component.js:10659)
	at <anonymous class>.fxdriver.Timer.prototype.setTimeout/<.notify(file:///C:/Users/zack/AppData/Local/Temp/anonymous5769088120591526491webdriver-profile/extensions/fxdriver@googlecode.com/components/driver-component.js:621)
]]>
            </full-stacktrace>
          </exception> <!-- org.openqa.selenium.NoSuchElementException -->
          <reporter-output>
            <line>
              <![CDATA[<a href='screenshot/Failures/TestBBSPage.testCreateANewPost.2016-01-21-02-19-11.png'><img width='200px' height='160px'  src=screenshot/Failures/TestBBSPage.testCreateANewPost.2016-01-21-02-19-11.png></a>]]>
            </line>
          </reporter-output>
        </test-method> <!-- testCreateANewPost -->
        <test-method status="FAIL" signature="testEditAPost(cn.leanpro.model.BBSPostModle)[pri:0, instance:cn.leanpro.pageobjects.Test.TestBBSPage@7ea47c7a]" name="testEditAPost" duration-ms="11257" started-at="2016-01-21T14:19:11Z" data-provider="datawithbbspost" finished-at="2016-01-21T14:19:23Z">
          <params>
            <param index="0">
              <value>
                <![CDATA[cn.leanpro.model.BBSPostModle@42f0ffcf]]>
              </value>
            </param>
          </params>
          <exception class="org.openqa.selenium.NoSuchElementException">
            <message>
              <![CDATA[Unable to locate element: {"method":"link text","selector":"test01"}
Command duration or timeout: 10.11 seconds
For documentation on this error, please visit: http://seleniumhq.org/exceptions/no_such_element.html
Build info: version: '2.48.2', revision: '41bccdd10cf2c0560f637404c2d96164b67d9d67', time: '2015-10-09 13:08:06'
System info: host: 'zack-pc', ip: '192.168.204.1', os.name: 'Windows 8.1', os.arch: 'amd64', os.version: '6.3', java.version: '1.7.0_80'
*** Element info: {Using=link text, value=test01}
Session ID: 03f5d684-3e7b-4393-a11b-83f0dad46008
Driver info: org.openqa.selenium.firefox.FirefoxDriver
Capabilities [{platform=WINDOWS, acceptSslCerts=true, javascriptEnabled=true, cssSelectorsEnabled=true, databaseEnabled=true, browserName=firefox, handlesAlerts=true, nativeEvents=false, webStorageEnabled=true, rotatable=false, locationContextEnabled=true, applicationCacheEnabled=true, takesScreenshot=true, version=38.4.0}]]]>
            </message>
            <full-stacktrace>
              <![CDATA[org.openqa.selenium.NoSuchElementException: Unable to locate element: {"method":"link text","selector":"test01"}
Command duration or timeout: 10.11 seconds
For documentation on this error, please visit: http://seleniumhq.org/exceptions/no_such_element.html
Build info: version: '2.48.2', revision: '41bccdd10cf2c0560f637404c2d96164b67d9d67', time: '2015-10-09 13:08:06'
System info: host: 'zack-pc', ip: '192.168.204.1', os.name: 'Windows 8.1', os.arch: 'amd64', os.version: '6.3', java.version: '1.7.0_80'
*** Element info: {Using=link text, value=test01}
Session ID: 03f5d684-3e7b-4393-a11b-83f0dad46008
Driver info: org.openqa.selenium.firefox.FirefoxDriver
Capabilities [{platform=WINDOWS, acceptSslCerts=true, javascriptEnabled=true, cssSelectorsEnabled=true, databaseEnabled=true, browserName=firefox, handlesAlerts=true, nativeEvents=false, webStorageEnabled=true, rotatable=false, locationContextEnabled=true, applicationCacheEnabled=true, takesScreenshot=true, version=38.4.0}]
	at sun.reflect.NativeConstructorAccessorImpl.newInstance0(Native Method)
	at sun.reflect.NativeConstructorAccessorImpl.newInstance(NativeConstructorAccessorImpl.java:57)
	at sun.reflect.DelegatingConstructorAccessorImpl.newInstance(DelegatingConstructorAccessorImpl.java:45)
	at java.lang.reflect.Constructor.newInstance(Constructor.java:526)
	at org.openqa.selenium.remote.ErrorHandler.createThrowable(ErrorHandler.java:206)
	at org.openqa.selenium.remote.ErrorHandler.throwIfResponseFailed(ErrorHandler.java:158)
	at org.openqa.selenium.remote.RemoteWebDriver.execute(RemoteWebDriver.java:647)
	at org.openqa.selenium.remote.RemoteWebElement.execute(RemoteWebElement.java:326)
	at org.openqa.selenium.remote.RemoteWebElement.findElement(RemoteWebElement.java:197)
	at org.openqa.selenium.remote.RemoteWebElement.findElementByLinkText(RemoteWebElement.java:246)
	at org.openqa.selenium.By$ByLinkText.findElement(By.java:246)
	at org.openqa.selenium.remote.RemoteWebElement.findElement(RemoteWebElement.java:193)
	at sun.reflect.NativeMethodAccessorImpl.invoke0(Native Method)
	at sun.reflect.NativeMethodAccessorImpl.invoke(NativeMethodAccessorImpl.java:57)
	at sun.reflect.DelegatingMethodAccessorImpl.invoke(DelegatingMethodAccessorImpl.java:43)
	at java.lang.reflect.Method.invoke(Method.java:606)
	at org.openqa.selenium.support.pagefactory.internal.LocatingElementHandler.invoke(LocatingElementHandler.java:51)
	at com.sun.proxy.$Proxy6.findElement(Unknown Source)
	at cn.leanpro.pageobjects.BBSAllPagePost.clickPost(BBSAllPagePost.java:99)
	at cn.leanpro.pageobjects.BBSAllPagePost.editAPost(BBSAllPagePost.java:53)
	at cn.leanpro.pageobjects.Test.TestBBSPage.testEditAPost(TestBBSPage.java:56)
	at sun.reflect.NativeMethodAccessorImpl.invoke0(Native Method)
	at sun.reflect.NativeMethodAccessorImpl.invoke(NativeMethodAccessorImpl.java:57)
	at sun.reflect.DelegatingMethodAccessorImpl.invoke(DelegatingMethodAccessorImpl.java:43)
	at java.lang.reflect.Method.invoke(Method.java:606)
	at org.testng.internal.MethodInvocationHelper.invokeMethod(MethodInvocationHelper.java:85)
	at org.testng.internal.Invoker.invokeMethod(Invoker.java:639)
	at org.testng.internal.Invoker.invokeTestMethod(Invoker.java:816)
	at org.testng.internal.Invoker.invokeTestMethods(Invoker.java:1124)
	at org.testng.internal.TestMethodWorker.invokeTestMethods(TestMethodWorker.java:125)
	at org.testng.internal.TestMethodWorker.run(TestMethodWorker.java:108)
	at org.testng.TestRunner.privateRun(TestRunner.java:774)
	at org.testng.TestRunner.run(TestRunner.java:624)
	at org.testng.SuiteRunner.runTest(SuiteRunner.java:359)
	at org.testng.SuiteRunner.runSequentially(SuiteRunner.java:354)
	at org.testng.SuiteRunner.privateRun(SuiteRunner.java:312)
	at org.testng.SuiteRunner.run(SuiteRunner.java:261)
	at org.testng.SuiteRunnerWorker.runSuite(SuiteRunnerWorker.java:52)
	at org.testng.SuiteRunnerWorker.run(SuiteRunnerWorker.java:86)
	at org.testng.TestNG.runSuitesSequentially(TestNG.java:1191)
	at org.testng.TestNG.runSuitesLocally(TestNG.java:1116)
	at org.testng.TestNG.run(TestNG.java:1024)
	at org.apache.maven.surefire.testng.TestNGExecutor.run(TestNGExecutor.java:293)
	at org.apache.maven.surefire.testng.TestNGXmlTestSuite.execute(TestNGXmlTestSuite.java:84)
	at org.apache.maven.surefire.testng.TestNGProvider.invoke(TestNGProvider.java:91)
	at org.apache.maven.surefire.booter.ForkedBooter.invokeProviderInSameClassLoader(ForkedBooter.java:200)
	at org.apache.maven.surefire.booter.ForkedBooter.runSuitesInProcess(ForkedBooter.java:153)
	at org.apache.maven.surefire.booter.ForkedBooter.main(ForkedBooter.java:103)
Caused by: org.openqa.selenium.NoSuchElementException: Unable to locate element: {"method":"link text","selector":"test01"}
For documentation on this error, please visit: http://seleniumhq.org/exceptions/no_such_element.html
Build info: version: '2.48.2', revision: '41bccdd10cf2c0560f637404c2d96164b67d9d67', time: '2015-10-09 13:08:06'
System info: host: 'zack-pc', ip: '192.168.204.1', os.name: 'Windows 8.1', os.arch: 'amd64', os.version: '6.3', java.version: '1.7.0_80'
Driver info: driver.version: unknown
	at <anonymous class>.FirefoxDriver.prototype.findElementInternal_(file:///C:/Users/zack/AppData/Local/Temp/anonymous5769088120591526491webdriver-profile/extensions/fxdriver@googlecode.com/components/driver-component.js:10659)
	at <anonymous class>.fxdriver.Timer.prototype.setTimeout/<.notify(file:///C:/Users/zack/AppData/Local/Temp/anonymous5769088120591526491webdriver-profile/extensions/fxdriver@googlecode.com/components/driver-component.js:621)
]]>
            </full-stacktrace>
          </exception> <!-- org.openqa.selenium.NoSuchElementException -->
          <reporter-output>
            <line>
              <![CDATA[<a href='screenshot/Failures/TestBBSPage.testEditAPost.2016-01-21-02-19-23.png'><img width='200px' height='160px'  src=screenshot/Failures/TestBBSPage.testEditAPost.2016-01-21-02-19-23.png></a>]]>
            </line>
          </reporter-output>
        </test-method> <!-- testEditAPost -->
        <test-method status="FAIL" signature="testResponseAPost(cn.leanpro.model.BBSPostModle)[pri:0, instance:cn.leanpro.pageobjects.Test.TestBBSPage@7ea47c7a]" name="testResponseAPost" duration-ms="11379" started-at="2016-01-21T14:19:23Z" data-provider="datawithbbspost" finished-at="2016-01-21T14:19:34Z">
          <params>
            <param index="0">
              <value>
                <![CDATA[cn.leanpro.model.BBSPostModle@59b5b945]]>
              </value>
            </param>
          </params>
          <exception class="org.openqa.selenium.NoSuchElementException">
            <message>
              <![CDATA[Unable to locate element: {"method":"link text","selector":"newtest01"}
Command duration or timeout: 10.25 seconds
For documentation on this error, please visit: http://seleniumhq.org/exceptions/no_such_element.html
Build info: version: '2.48.2', revision: '41bccdd10cf2c0560f637404c2d96164b67d9d67', time: '2015-10-09 13:08:06'
System info: host: 'zack-pc', ip: '192.168.204.1', os.name: 'Windows 8.1', os.arch: 'amd64', os.version: '6.3', java.version: '1.7.0_80'
*** Element info: {Using=link text, value=newtest01}
Session ID: 03f5d684-3e7b-4393-a11b-83f0dad46008
Driver info: org.openqa.selenium.firefox.FirefoxDriver
Capabilities [{platform=WINDOWS, acceptSslCerts=true, javascriptEnabled=true, cssSelectorsEnabled=true, databaseEnabled=true, browserName=firefox, handlesAlerts=true, nativeEvents=false, webStorageEnabled=true, rotatable=false, locationContextEnabled=true, applicationCacheEnabled=true, takesScreenshot=true, version=38.4.0}]]]>
            </message>
            <full-stacktrace>
              <![CDATA[org.openqa.selenium.NoSuchElementException: Unable to locate element: {"method":"link text","selector":"newtest01"}
Command duration or timeout: 10.25 seconds
For documentation on this error, please visit: http://seleniumhq.org/exceptions/no_such_element.html
Build info: version: '2.48.2', revision: '41bccdd10cf2c0560f637404c2d96164b67d9d67', time: '2015-10-09 13:08:06'
System info: host: 'zack-pc', ip: '192.168.204.1', os.name: 'Windows 8.1', os.arch: 'amd64', os.version: '6.3', java.version: '1.7.0_80'
*** Element info: {Using=link text, value=newtest01}
Session ID: 03f5d684-3e7b-4393-a11b-83f0dad46008
Driver info: org.openqa.selenium.firefox.FirefoxDriver
Capabilities [{platform=WINDOWS, acceptSslCerts=true, javascriptEnabled=true, cssSelectorsEnabled=true, databaseEnabled=true, browserName=firefox, handlesAlerts=true, nativeEvents=false, webStorageEnabled=true, rotatable=false, locationContextEnabled=true, applicationCacheEnabled=true, takesScreenshot=true, version=38.4.0}]
	at sun.reflect.NativeConstructorAccessorImpl.newInstance0(Native Method)
	at sun.reflect.NativeConstructorAccessorImpl.newInstance(NativeConstructorAccessorImpl.java:57)
	at sun.reflect.DelegatingConstructorAccessorImpl.newInstance(DelegatingConstructorAccessorImpl.java:45)
	at java.lang.reflect.Constructor.newInstance(Constructor.java:526)
	at org.openqa.selenium.remote.ErrorHandler.createThrowable(ErrorHandler.java:206)
	at org.openqa.selenium.remote.ErrorHandler.throwIfResponseFailed(ErrorHandler.java:158)
	at org.openqa.selenium.remote.RemoteWebDriver.execute(RemoteWebDriver.java:647)
	at org.openqa.selenium.remote.RemoteWebElement.execute(RemoteWebElement.java:326)
	at org.openqa.selenium.remote.RemoteWebElement.findElement(RemoteWebElement.java:197)
	at org.openqa.selenium.remote.RemoteWebElement.findElementByLinkText(RemoteWebElement.java:246)
	at org.openqa.selenium.By$ByLinkText.findElement(By.java:246)
	at org.openqa.selenium.remote.RemoteWebElement.findElement(RemoteWebElement.java:193)
	at sun.reflect.NativeMethodAccessorImpl.invoke0(Native Method)
	at sun.reflect.NativeMethodAccessorImpl.invoke(NativeMethodAccessorImpl.java:57)
	at sun.reflect.DelegatingMethodAccessorImpl.invoke(DelegatingMethodAccessorImpl.java:43)
	at java.lang.reflect.Method.invoke(Method.java:606)
	at org.openqa.selenium.support.pagefactory.internal.LocatingElementHandler.invoke(LocatingElementHandler.java:51)
	at com.sun.proxy.$Proxy6.findElement(Unknown Source)
	at cn.leanpro.pageobjects.BBSAllPagePost.clickPost(BBSAllPagePost.java:99)
	at cn.leanpro.pageobjects.BBSAllPagePost.responseAPost(BBSAllPagePost.java:45)
	at cn.leanpro.pageobjects.Test.TestBBSPage.testResponseAPost(TestBBSPage.java:64)
	at sun.reflect.NativeMethodAccessorImpl.invoke0(Native Method)
	at sun.reflect.NativeMethodAccessorImpl.invoke(NativeMethodAccessorImpl.java:57)
	at sun.reflect.DelegatingMethodAccessorImpl.invoke(DelegatingMethodAccessorImpl.java:43)
	at java.lang.reflect.Method.invoke(Method.java:606)
	at org.testng.internal.MethodInvocationHelper.invokeMethod(MethodInvocationHelper.java:85)
	at org.testng.internal.Invoker.invokeMethod(Invoker.java:639)
	at org.testng.internal.Invoker.invokeTestMethod(Invoker.java:816)
	at org.testng.internal.Invoker.invokeTestMethods(Invoker.java:1124)
	at org.testng.internal.TestMethodWorker.invokeTestMethods(TestMethodWorker.java:125)
	at org.testng.internal.TestMethodWorker.run(TestMethodWorker.java:108)
	at org.testng.TestRunner.privateRun(TestRunner.java:774)
	at org.testng.TestRunner.run(TestRunner.java:624)
	at org.testng.SuiteRunner.runTest(SuiteRunner.java:359)
	at org.testng.SuiteRunner.runSequentially(SuiteRunner.java:354)
	at org.testng.SuiteRunner.privateRun(SuiteRunner.java:312)
	at org.testng.SuiteRunner.run(SuiteRunner.java:261)
	at org.testng.SuiteRunnerWorker.runSuite(SuiteRunnerWorker.java:52)
	at org.testng.SuiteRunnerWorker.run(SuiteRunnerWorker.java:86)
	at org.testng.TestNG.runSuitesSequentially(TestNG.java:1191)
	at org.testng.TestNG.runSuitesLocally(TestNG.java:1116)
	at org.testng.TestNG.run(TestNG.java:1024)
	at org.apache.maven.surefire.testng.TestNGExecutor.run(TestNGExecutor.java:293)
	at org.apache.maven.surefire.testng.TestNGXmlTestSuite.execute(TestNGXmlTestSuite.java:84)
	at org.apache.maven.surefire.testng.TestNGProvider.invoke(TestNGProvider.java:91)
	at org.apache.maven.surefire.booter.ForkedBooter.invokeProviderInSameClassLoader(ForkedBooter.java:200)
	at org.apache.maven.surefire.booter.ForkedBooter.runSuitesInProcess(ForkedBooter.java:153)
	at org.apache.maven.surefire.booter.ForkedBooter.main(ForkedBooter.java:103)
Caused by: org.openqa.selenium.NoSuchElementException: Unable to locate element: {"method":"link text","selector":"newtest01"}
For documentation on this error, please visit: http://seleniumhq.org/exceptions/no_such_element.html
Build info: version: '2.48.2', revision: '41bccdd10cf2c0560f637404c2d96164b67d9d67', time: '2015-10-09 13:08:06'
System info: host: 'zack-pc', ip: '192.168.204.1', os.name: 'Windows 8.1', os.arch: 'amd64', os.version: '6.3', java.version: '1.7.0_80'
Driver info: driver.version: unknown
	at <anonymous class>.FirefoxDriver.prototype.findElementInternal_(file:///C:/Users/zack/AppData/Local/Temp/anonymous5769088120591526491webdriver-profile/extensions/fxdriver@googlecode.com/components/driver-component.js:10659)
	at <anonymous class>.fxdriver.Timer.prototype.setTimeout/<.notify(file:///C:/Users/zack/AppData/Local/Temp/anonymous5769088120591526491webdriver-profile/extensions/fxdriver@googlecode.com/components/driver-component.js:621)
]]>
            </full-stacktrace>
          </exception> <!-- org.openqa.selenium.NoSuchElementException -->
          <reporter-output>
            <line>
              <![CDATA[<a href='screenshot/Failures/TestBBSPage.testResponseAPost.2016-01-21-02-19-35.png'><img width='200px' height='160px'  src=screenshot/Failures/TestBBSPage.testResponseAPost.2016-01-21-02-19-35.png></a>]]>
            </line>
          </reporter-output>
        </test-method> <!-- testResponseAPost -->
        <test-method status="PASS" signature="teardownDriver()[pri:0, instance:cn.leanpro.pageobjects.Test.TestBBSPage@7ea47c7a]" name="teardownDriver" is-config="true" duration-ms="8" started-at="2016-01-21T14:19:35Z" finished-at="2016-01-21T14:19:35Z">
          <reporter-output>
          </reporter-output>
        </test-method> <!-- teardownDriver -->
      </class> <!-- cn.leanpro.pageobjects.Test.TestBBSPage -->
    </test> <!-- Nopackage01 -->
    <test name="Nopackage02" duration-ms="20232" started-at="2016-01-21T06:19:35Z" finished-at="2016-01-21T06:19:55Z">
      <class name="cn.leanpro.pageobjects.Test.TestBBS">
        <test-method status="PASS" signature="createDriver()[pri:0, instance:cn.leanpro.pageobjects.Test.TestBBS@623e2b64]" name="createDriver" is-config="true" duration-ms="8467" started-at="2016-01-21T14:19:35Z" finished-at="2016-01-21T14:19:43Z">
          <reporter-output>
          </reporter-output>
        </test-method> <!-- createDriver -->
        <test-method status="PASS" signature="initBrower()[pri:0, instance:cn.leanpro.pageobjects.Test.TestBBS@623e2b64]" name="initBrower" is-config="true" duration-ms="0" started-at="2016-01-21T14:19:43Z" finished-at="2016-01-21T14:19:43Z">
          <reporter-output>
          </reporter-output>
        </test-method> <!-- initBrower -->
        <test-method status="PASS" signature="testbbsLogin(cn.leanpro.model.Users)[pri:0, instance:cn.leanpro.pageobjects.Test.TestBBS@623e2b64]" name="testbbsLogin" duration-ms="4759" started-at="2016-01-21T14:19:43Z" data-provider="datawithuser" finished-at="2016-01-21T14:19:48Z">
          <params>
            <param index="0">
              <value>
                <![CDATA[cn.leanpro.model.Users@297cce3b]]>
              </value>
            </param>
          </params>
          <reporter-output>
            <line>
              <![CDATA[<a href='screenshot/Success/TestBBS.testbbsLogin.2016-01-21-02-19-48.png'><img width='200px' height='160px'  src=screenshot/Success/TestBBS.testbbsLogin.2016-01-21-02-19-48.png></a>]]>
            </line>
          </reporter-output>
        </test-method> <!-- testbbsLogin -->
        <test-method status="PASS" signature="testbbsLogin(cn.leanpro.model.Users)[pri:0, instance:cn.leanpro.pageobjects.Test.TestBBS@623e2b64]" name="testbbsLogin" duration-ms="3905" started-at="2016-01-21T14:19:48Z" data-provider="datawithuser" finished-at="2016-01-21T14:19:52Z">
          <params>
            <param index="0">
              <value>
                <![CDATA[cn.leanpro.model.Users@40c798c4]]>
              </value>
            </param>
          </params>
          <reporter-output>
            <line>
              <![CDATA[<a href='screenshot/Success/TestBBS.testbbsLogin.2016-01-21-02-19-52.png'><img width='200px' height='160px'  src=screenshot/Success/TestBBS.testbbsLogin.2016-01-21-02-19-52.png></a>]]>
            </line>
          </reporter-output>
        </test-method> <!-- testbbsLogin -->
        <test-method status="PASS" signature="testchooseSection()[pri:0, instance:cn.leanpro.pageobjects.Test.TestBBS@623e2b64]" name="testchooseSection" duration-ms="2362" started-at="2016-01-21T14:19:52Z" finished-at="2016-01-21T14:19:55Z">
          <reporter-output>
            <line>
              <![CDATA[<a href='screenshot/Success/TestBBS.testchooseSection.2016-01-21-02-19-55.png'><img width='200px' height='160px'  src=screenshot/Success/TestBBS.testchooseSection.2016-01-21-02-19-55.png></a>]]>
            </line>
          </reporter-output>
        </test-method> <!-- testchooseSection -->
        <test-method status="PASS" signature="teardownDriver()[pri:0, instance:cn.leanpro.pageobjects.Test.TestBBS@623e2b64]" name="teardownDriver" is-config="true" duration-ms="9" started-at="2016-01-21T14:19:55Z" finished-at="2016-01-21T14:19:55Z">
          <reporter-output>
          </reporter-output>
        </test-method> <!-- teardownDriver -->
      </class> <!-- cn.leanpro.pageobjects.Test.TestBBS -->
    </test> <!-- Nopackage02 -->
  </suite> <!-- Suite1 -->
</testng-results>
