<?xml version="1.0" encoding="UTF-8"?>
<testng-results skipped="4" failed="0" total="4" passed="0">
  <reporter-output>
  </reporter-output>
  <suite name="Suite1" duration-ms="46348" started-at="2015-12-14T13:23:46Z" finished-at="2015-12-14T13:24:32Z">
    <groups>
    </groups>
    <test name="Nopackage" duration-ms="46348" started-at="2015-12-14T13:23:46Z" finished-at="2015-12-14T13:24:32Z">
      <class name="cn.leanpro.pageobjects.Test.TestBBSPage">
        <test-method status="SKIP" signature="testCreateANewPost(cn.leanpro.model.BBSPostModle)[pri:0, instance:cn.leanpro.pageobjects.Test.TestBBSPage@7300607d]" name="testCreateANewPost" duration-ms="0" started-at="2015-12-14T21:24:32Z" data-provider="datawithbbspost" finished-at="2015-12-14T21:24:32Z">
          <params>
            <param index="0">
              <value>
                <![CDATA[cn.leanpro.model.BBSPostModle@13134b3e]]>
              </value>
            </param>
          </params>
          <reporter-output>
          </reporter-output>
        </test-method> <!-- testCreateANewPost -->
        <test-method status="SKIP" signature="testEditAPost(cn.leanpro.model.BBSPostModle)[pri:0, instance:cn.leanpro.pageobjects.Test.TestBBSPage@7300607d]" name="testEditAPost" duration-ms="0" started-at="2015-12-14T21:24:32Z" data-provider="datawithbbspost" finished-at="2015-12-14T21:24:32Z">
          <params>
            <param index="0">
              <value>
                <![CDATA[cn.leanpro.model.BBSPostModle@2a848ce9]]>
              </value>
            </param>
          </params>
          <reporter-output>
          </reporter-output>
        </test-method> <!-- testEditAPost -->
        <test-method status="SKIP" signature="tearDown()[pri:0, instance:cn.leanpro.pageobjects.Test.TestBBSPage@7300607d]" name="tearDown" is-config="true" duration-ms="0" started-at="2015-12-14T21:24:32Z" finished-at="2015-12-14T21:24:32Z">
          <reporter-output>
          </reporter-output>
        </test-method> <!-- tearDown -->
        <test-method status="SKIP" signature="testResponseAPost(cn.leanpro.model.BBSPostModle)[pri:0, instance:cn.leanpro.pageobjects.Test.TestBBSPage@7300607d]" name="testResponseAPost" duration-ms="0" started-at="2015-12-14T21:24:32Z" data-provider="datawithbbspost" finished-at="2015-12-14T21:24:32Z">
          <params>
            <param index="0">
              <value>
                <![CDATA[cn.leanpro.model.BBSPostModle@2f14cf0]]>
              </value>
            </param>
          </params>
          <reporter-output>
          </reporter-output>
        </test-method> <!-- testResponseAPost -->
      </class> <!-- cn.leanpro.pageobjects.Test.TestBBSPage -->
      <class name="cn.leanpro.pageobjects.Test.TestBBS">
        <test-method status="PASS" signature="initBrower()[pri:0, instance:cn.leanpro.pageobjects.Test.TestBBS@59a8a1a3]" name="initBrower" is-config="true" duration-ms="16285" started-at="2015-12-14T21:23:46Z" finished-at="2015-12-14T21:24:02Z">
          <reporter-output>
          </reporter-output>
        </test-method> <!-- initBrower -->
        <test-method status="FAIL" signature="initBrower()[pri:0, instance:cn.leanpro.pageobjects.Test.TestBBSPage@7300607d]" name="initBrower" is-config="true" duration-ms="0" started-at="2015-12-14T21:24:02Z" finished-at="2015-12-14T21:24:02Z">
          <exception class="org.openqa.selenium.NoSuchElementException">
            <message>
              <![CDATA[Unable to locate element: {"method":"link text","selector":"登录"}
Command duration or timeout: 10.18 seconds
For documentation on this error, please visit: http://seleniumhq.org/exceptions/no_such_element.html
Build info: version: '2.47.1', revision: '411b314', time: '2015-07-30 02:56:46'
System info: host: 'zack-pc', ip: '192.168.1.5', os.name: 'Windows 8.1', os.arch: 'amd64', os.version: '6.3', java.version: '1.7.0_80'
*** Element info: {Using=link text, value=登录}
Session ID: 33f4ce87-64b2-4a8d-a9b9-aabba39240f9
Driver info: org.openqa.selenium.firefox.FirefoxDriver
Capabilities [{platform=WINDOWS, acceptSslCerts=true, javascriptEnabled=true, cssSelectorsEnabled=true, databaseEnabled=true, browserName=firefox, handlesAlerts=true, nativeEvents=false, webStorageEnabled=true, rotatable=false, locationContextEnabled=true, applicationCacheEnabled=true, takesScreenshot=true, version=38.4.0}]]]>
            </message>
            <full-stacktrace>
              <![CDATA[org.openqa.selenium.NoSuchElementException: Unable to locate element: {"method":"link text","selector":"登录"}
Command duration or timeout: 10.18 seconds
For documentation on this error, please visit: http://seleniumhq.org/exceptions/no_such_element.html
Build info: version: '2.47.1', revision: '411b314', time: '2015-07-30 02:56:46'
System info: host: 'zack-pc', ip: '192.168.1.5', os.name: 'Windows 8.1', os.arch: 'amd64', os.version: '6.3', java.version: '1.7.0_80'
*** Element info: {Using=link text, value=登录}
Session ID: 33f4ce87-64b2-4a8d-a9b9-aabba39240f9
Driver info: org.openqa.selenium.firefox.FirefoxDriver
Capabilities [{platform=WINDOWS, acceptSslCerts=true, javascriptEnabled=true, cssSelectorsEnabled=true, databaseEnabled=true, browserName=firefox, handlesAlerts=true, nativeEvents=false, webStorageEnabled=true, rotatable=false, locationContextEnabled=true, applicationCacheEnabled=true, takesScreenshot=true, version=38.4.0}]
	at sun.reflect.NativeConstructorAccessorImpl.newInstance0(Native Method)
	at sun.reflect.NativeConstructorAccessorImpl.newInstance(NativeConstructorAccessorImpl.java:57)
	at sun.reflect.DelegatingConstructorAccessorImpl.newInstance(DelegatingConstructorAccessorImpl.java:45)
	at java.lang.reflect.Constructor.newInstance(Constructor.java:526)
	at org.openqa.selenium.remote.ErrorHandler.createThrowable(ErrorHandler.java:206)
	at org.openqa.selenium.remote.ErrorHandler.throwIfResponseFailed(ErrorHandler.java:158)
	at org.openqa.selenium.remote.RemoteWebDriver.execute(RemoteWebDriver.java:595)
	at org.openqa.selenium.remote.RemoteWebDriver.findElement(RemoteWebDriver.java:348)
	at org.openqa.selenium.remote.RemoteWebDriver.findElementByLinkText(RemoteWebDriver.java:397)
	at org.openqa.selenium.By$ByLinkText.findElement(By.java:243)
	at org.openqa.selenium.remote.RemoteWebDriver.findElement(RemoteWebDriver.java:340)
	at org.openqa.selenium.support.pagefactory.DefaultElementLocator.findElement(DefaultElementLocator.java:69)
	at org.openqa.selenium.support.pagefactory.internal.LocatingElementHandler.invoke(LocatingElementHandler.java:38)
	at com.sun.proxy.$Proxy7.click(Unknown Source)
	at cn.leanpro.pageobjects.UserLoginBBS.loginBBS(UserLoginBBS.java:35)
	at cn.leanpro.pageobjects.Test.TestBBSPage.initBrower(TestBBSPage.java:35)
	at sun.reflect.NativeMethodAccessorImpl.invoke0(Native Method)
	at sun.reflect.NativeMethodAccessorImpl.invoke(NativeMethodAccessorImpl.java:57)
	at sun.reflect.DelegatingMethodAccessorImpl.invoke(DelegatingMethodAccessorImpl.java:43)
	at java.lang.reflect.Method.invoke(Method.java:606)
	at org.testng.internal.MethodInvocationHelper.invokeMethod(MethodInvocationHelper.java:84)
	at org.testng.internal.Invoker.invokeConfigurationMethod(Invoker.java:564)
	at org.testng.internal.Invoker.invokeConfigurations(Invoker.java:213)
	at org.testng.internal.Invoker.invokeConfigurations(Invoker.java:138)
	at org.testng.TestRunner.beforeRun(TestRunner.java:641)
	at org.testng.TestRunner.run(TestRunner.java:609)
	at org.testng.SuiteRunner.runTest(SuiteRunner.java:334)
	at org.testng.SuiteRunner.runSequentially(SuiteRunner.java:329)
	at org.testng.SuiteRunner.privateRun(SuiteRunner.java:291)
	at org.testng.SuiteRunner.run(SuiteRunner.java:240)
	at org.testng.SuiteRunnerWorker.runSuite(SuiteRunnerWorker.java:52)
	at org.testng.SuiteRunnerWorker.run(SuiteRunnerWorker.java:86)
	at org.testng.TestNG.runSuitesSequentially(TestNG.java:1224)
	at org.testng.TestNG.runSuitesLocally(TestNG.java:1149)
	at org.testng.TestNG.run(TestNG.java:1057)
	at org.testng.TestNG.privateMain(TestNG.java:1364)
	at org.testng.TestNG.main(TestNG.java:1333)
Caused by: org.openqa.selenium.NoSuchElementException: Unable to locate element: {"method":"link text","selector":"登录"}
For documentation on this error, please visit: http://seleniumhq.org/exceptions/no_such_element.html
Build info: version: '2.47.1', revision: '411b314', time: '2015-07-30 02:56:46'
System info: host: 'zack-pc', ip: '192.168.1.5', os.name: 'Windows 8.1', os.arch: 'amd64', os.version: '6.3', java.version: '1.7.0_80'
Driver info: driver.version: unknown
	at <anonymous class>.FirefoxDriver.prototype.findElementInternal_(file:///C:/Users/zack/AppData/Local/Temp/anonymous1128900785996543836webdriver-profile/extensions/fxdriver@googlecode.com/components/driver-component.js:10667)
	at <anonymous class>.fxdriver.Timer.prototype.setTimeout/<.notify(file:///C:/Users/zack/AppData/Local/Temp/anonymous1128900785996543836webdriver-profile/extensions/fxdriver@googlecode.com/components/driver-component.js:623)
]]>
            </full-stacktrace>
          </exception> <!-- org.openqa.selenium.NoSuchElementException -->
          <reporter-output>
          </reporter-output>
        </test-method> <!-- initBrower -->
        <test-method status="SKIP" signature="testchooseSection()[pri:0, instance:cn.leanpro.pageobjects.Test.TestBBS@59a8a1a3]" name="testchooseSection" duration-ms="0" started-at="2015-12-14T21:24:32Z" finished-at="2015-12-14T21:24:32Z">
          <reporter-output>
          </reporter-output>
        </test-method> <!-- testchooseSection -->
        <test-method status="SKIP" signature="tearDown()[pri:0, instance:cn.leanpro.pageobjects.Test.TestBBS@59a8a1a3]" name="tearDown" is-config="true" duration-ms="0" started-at="2015-12-14T21:24:32Z" finished-at="2015-12-14T21:24:32Z">
          <reporter-output>
          </reporter-output>
        </test-method> <!-- tearDown -->
      </class> <!-- cn.leanpro.pageobjects.Test.TestBBS -->
    </test> <!-- Nopackage -->
  </suite> <!-- Suite1 -->
</testng-results>
